<html>
<head>
<title>TestNG:  Test</title>
<link href="../testng.css" rel="stylesheet" type="text/css" />
<link href="../my-testng.css" rel="stylesheet" type="text/css" />

<style type="text/css">
.log { display: none;} 
.stack-trace { display: none;} 
</style>
<script type="text/javascript">
<!--
function flip(e) {
  current = e.style.display;
  if (current == 'block') {
    e.style.display = 'none';
    return 0;
  }
  else {
    e.style.display = 'block';
    return 1;
  }
}

function toggleBox(szDivId, elem, msg1, msg2)
{
  var res = -1;  if (document.getElementById) {
    res = flip(document.getElementById(szDivId));
  }
  else if (document.all) {
    // this is the way old msie versions work
    res = flip(document.all[szDivId]);
  }
  if(elem) {
    if(res == 0) elem.innerHTML = msg1; else elem.innerHTML = msg2;
  }

}

function toggleAllBoxes() {
  if (document.getElementsByTagName) {
    d = document.getElementsByTagName('div');
    for (i = 0; i < d.length; i++) {
      if (d[i].className == 'log') {
        flip(d[i]);
      }
    }
  }
}

// -->
</script>

</head>
<body>
<h2 align='center'>Test</h2><table border='1' align="center">
<tr>
<td>Tests passed/Failed/Skipped:</td><td>30/11/0</td>
</tr><tr>
<td>Started on:</td><td>Mon Sep 03 10:47:35 IST 2018</td>
</tr>
<tr><td>Total time:</td><td>1657 seconds (1657549 ms)</td>
</tr><tr>
<td>Included groups:</td><td></td>
</tr><tr>
<td>Excluded groups:</td><td></td>
</tr>
</table><p/>
<small><i>(Hover the method name to see the test class name)</i></small><p/>
<table width='100%' border='1' class='invocation-failed'>
<tr><td colspan='4' align='center'><b>FAILED TESTS</b></td></tr>
<tr><td><b>Test method</b></td>
<td width="30%"><b>Exception</b></td>
<td width="10%"><b>Time (seconds)</b></td>
<td><b>Instance</b></td>
</tr>
<tr>
<td title='c2info_OrderBuk_ToBeVerifiedTCs.TC_006_VerifyOnSubmitReadyForOrder.VerifyOrderPushedToReadyForOrder()'><b>VerifyOrderPushedToReadyForOrder</b><br>Test class: c2info_OrderBuk_ToBeVerifiedTCs.TC_006_VerifyOnSubmitReadyForOrder<br/>
<a href="#Output-1108517064" onClick='toggleBox("Output-1108517064", this, "Show output", "Hide output");'>Show output</a>

<a href="#Output-1108517064" onClick="toggleAllBoxes();">Show all outputs</a>
<div class='log' id="Output-1108517064">
<a href='E:\workspace\c2info_OrderBuk\src\main\java\c2info_OrderBuk_ScreenShots\Failure\VerifyOrderPushedToReadyForOrder_2018_09_246_10_09_533.png' ><img src = 'E:\workspace\c2info_OrderBuk\src\main\java\c2info_OrderBuk_ScreenShots\Failure\VerifyOrderPushedToReadyForOrder_2018_09_246_10_09_533.png' hieght='100' width='100' /></a><br/>
</div>
</td>
<td><div><pre>java.lang.AssertionError: expected [1486481] but found [486481]
	at c2info_OrderBuk_ToBeVerifiedTCs.TC_006_VerifyOnSubmitReadyForOrder.VerifyOrderPushedToReadyForOrder(TC_006_VerifyOnSubmitReadyForOrder.java:50)
... Removed 31 stack frames</pre></div><a href='#' onClick='toggleBox("stack-trace1108517064", this, "Click to show all stack frames", "Click to hide stack frames")'>Click to show all stack frames</a>
<div class='stack-trace' id='stack-trace1108517064'><pre>java.lang.AssertionError: expected [1486481] but found [486481]
	at org.testng.Assert.fail(Assert.java:96)
	at org.testng.Assert.failNotEquals(Assert.java:776)
	at org.testng.Assert.assertEqualsImpl(Assert.java:137)
	at org.testng.Assert.assertEquals(Assert.java:118)
	at org.testng.Assert.assertEquals(Assert.java:453)
	at org.testng.Assert.assertEquals(Assert.java:463)
	at c2info_OrderBuk_ToBeVerifiedTCs.TC_006_VerifyOnSubmitReadyForOrder.VerifyOrderPushedToReadyForOrder(TC_006_VerifyOnSubmitReadyForOrder.java:50)
	at sun.reflect.NativeMethodAccessorImpl.invoke0(Native Method)
	at sun.reflect.NativeMethodAccessorImpl.invoke(NativeMethodAccessorImpl.java:62)
	at sun.reflect.DelegatingMethodAccessorImpl.invoke(DelegatingMethodAccessorImpl.java:43)
	at java.lang.reflect.Method.invoke(Method.java:498)
	at org.testng.internal.MethodInvocationHelper.invokeMethod(MethodInvocationHelper.java:124)
	at org.testng.internal.Invoker.invokeMethod(Invoker.java:583)
	at org.testng.internal.Invoker.invokeTestMethod(Invoker.java:719)
	at org.testng.internal.Invoker.invokeTestMethods(Invoker.java:989)
	at org.testng.internal.TestMethodWorker.invokeTestMethods(TestMethodWorker.java:125)
	at org.testng.internal.TestMethodWorker.run(TestMethodWorker.java:109)
	at org.testng.TestRunner.privateRun(TestRunner.java:648)
	at org.testng.TestRunner.run(TestRunner.java:505)
	at org.testng.SuiteRunner.runTest(SuiteRunner.java:455)
	at org.testng.SuiteRunner.runSequentially(SuiteRunner.java:450)
	at org.testng.SuiteRunner.privateRun(SuiteRunner.java:415)
	at org.testng.SuiteRunner.run(SuiteRunner.java:364)
	at org.testng.SuiteRunnerWorker.runSuite(SuiteRunnerWorker.java:52)
	at org.testng.SuiteRunnerWorker.run(SuiteRunnerWorker.java:84)
	at org.testng.TestNG.runSuitesSequentially(TestNG.java:1208)
	at org.testng.TestNG.runSuitesLocally(TestNG.java:1137)
	at org.testng.TestNG.runSuites(TestNG.java:1049)
	at org.testng.TestNG.run(TestNG.java:1017)
	at org.testng.remote.AbstractRemoteTestNG.run(AbstractRemoteTestNG.java:114)
	at org.testng.remote.RemoteTestNG.initAndRun(RemoteTestNG.java:251)
	at org.testng.remote.RemoteTestNG.main(RemoteTestNG.java:77)
</pre></div></td>
<td>64</td>
<td>c2info_OrderBuk_ToBeVerifiedTCs.TC_006_VerifyOnSubmitReadyForOrder@3c153a1</td></tr>
<tr>
<td title='c2info_OrderBuk_ReadyForOrderTCs.TC_004_VerifyGrandTotalAmt.verifyGrandTotal()'><b>verifyGrandTotal</b><br>Test class: c2info_OrderBuk_ReadyForOrderTCs.TC_004_VerifyGrandTotalAmt<br/>
<a href="#Output-1732663543" onClick='toggleBox("Output-1732663543", this, "Show output", "Hide output");'>Show output</a>

<a href="#Output-1732663543" onClick="toggleAllBoxes();">Show all outputs</a>
<div class='log' id="Output-1732663543">
<a href='E:\workspace\c2info_OrderBuk\src\main\java\c2info_OrderBuk_ScreenShots\Failure\verifyGrandTotal_2018_09_246_11_09_689.png' ><img src = 'E:\workspace\c2info_OrderBuk\src\main\java\c2info_OrderBuk_ScreenShots\Failure\verifyGrandTotal_2018_09_246_11_09_689.png' hieght='100' width='100' /></a><br/>
</div>
</td>
<td><div><pre>java.lang.AssertionError: expected [759.05] but found [759.0]
	at c2info_OrderBuk_ReadyForOrderTCs.TC_004_VerifyGrandTotalAmt.verifyGrandTotal(TC_004_VerifyGrandTotalAmt.java:40)
... Removed 30 stack frames</pre></div><a href='#' onClick='toggleBox("stack-trace1732663543", this, "Click to show all stack frames", "Click to hide stack frames")'>Click to show all stack frames</a>
<div class='stack-trace' id='stack-trace1732663543'><pre>java.lang.AssertionError: expected [759.05] but found [759.0]
	at org.testng.Assert.fail(Assert.java:96)
	at org.testng.Assert.failNotEquals(Assert.java:776)
	at org.testng.Assert.assertEqualsImpl(Assert.java:137)
	at org.testng.Assert.assertEquals(Assert.java:118)
	at org.testng.Assert.assertEquals(Assert.java:442)
	at c2info_OrderBuk_ReadyForOrderTCs.TC_004_VerifyGrandTotalAmt.verifyGrandTotal(TC_004_VerifyGrandTotalAmt.java:40)
	at sun.reflect.NativeMethodAccessorImpl.invoke0(Native Method)
	at sun.reflect.NativeMethodAccessorImpl.invoke(NativeMethodAccessorImpl.java:62)
	at sun.reflect.DelegatingMethodAccessorImpl.invoke(DelegatingMethodAccessorImpl.java:43)
	at java.lang.reflect.Method.invoke(Method.java:498)
	at org.testng.internal.MethodInvocationHelper.invokeMethod(MethodInvocationHelper.java:124)
	at org.testng.internal.Invoker.invokeMethod(Invoker.java:583)
	at org.testng.internal.Invoker.invokeTestMethod(Invoker.java:719)
	at org.testng.internal.Invoker.invokeTestMethods(Invoker.java:989)
	at org.testng.internal.TestMethodWorker.invokeTestMethods(TestMethodWorker.java:125)
	at org.testng.internal.TestMethodWorker.run(TestMethodWorker.java:109)
	at org.testng.TestRunner.privateRun(TestRunner.java:648)
	at org.testng.TestRunner.run(TestRunner.java:505)
	at org.testng.SuiteRunner.runTest(SuiteRunner.java:455)
	at org.testng.SuiteRunner.runSequentially(SuiteRunner.java:450)
	at org.testng.SuiteRunner.privateRun(SuiteRunner.java:415)
	at org.testng.SuiteRunner.run(SuiteRunner.java:364)
	at org.testng.SuiteRunnerWorker.runSuite(SuiteRunnerWorker.java:52)
	at org.testng.SuiteRunnerWorker.run(SuiteRunnerWorker.java:84)
	at org.testng.TestNG.runSuitesSequentially(TestNG.java:1208)
	at org.testng.TestNG.runSuitesLocally(TestNG.java:1137)
	at org.testng.TestNG.runSuites(TestNG.java:1049)
	at org.testng.TestNG.run(TestNG.java:1017)
	at org.testng.remote.AbstractRemoteTestNG.run(AbstractRemoteTestNG.java:114)
	at org.testng.remote.RemoteTestNG.initAndRun(RemoteTestNG.java:251)
	at org.testng.remote.RemoteTestNG.main(RemoteTestNG.java:77)
</pre></div></td>
<td>19</td>
<td>c2info_OrderBuk_ReadyForOrderTCs.TC_004_VerifyGrandTotalAmt@37e547da</td></tr>
<tr>
<td title='c2info_OrderBuk_ToBeVerifiedTCs.TC_002_VerifyImageExistance.verifyImageInDigitizePage()'><b>verifyImageInDigitizePage</b><br>Test class: c2info_OrderBuk_ToBeVerifiedTCs.TC_002_VerifyImageExistance<br/>
<a href="#Output-1423016050" onClick='toggleBox("Output-1423016050", this, "Show output", "Hide output");'>Show output</a>

<a href="#Output-1423016050" onClick="toggleAllBoxes();">Show all outputs</a>
<div class='log' id="Output-1423016050">
<a href='E:\workspace\c2info_OrderBuk\src\main\java\c2info_OrderBuk_ScreenShots\Failure\verifyImageInDigitizePage_2018_09_246_10_09_140.png' ><img src = 'E:\workspace\c2info_OrderBuk\src\main\java\c2info_OrderBuk_ScreenShots\Failure\verifyImageInDigitizePage_2018_09_246_10_09_140.png' hieght='100' width='100' /></a><br/>
</div>
</td>
<td><div><pre>org.openqa.selenium.NoSuchElementException: no such element: Unable to locate element: {&quot;method&quot;:&quot;xpath&quot;,&quot;selector&quot;:&quot;.//button[contains(text(),&apos;Valid&apos;)]&quot;}
  (Session info: chrome=68.0.3440.106)
  (Driver info: chromedriver=2.36.540470 (e522d04694c7ebea4ba8821272dbef4f9b818c91),platform=Windows NT 10.0.17134 x86_64) (WARNING: The server did not provide any stacktrace information)
Command duration or timeout: 60.02 seconds
For documentation on this error, please visit: http://seleniumhq.org/exceptions/no_such_element.html
Build info: version: &apos;2.53.1&apos;, revision: &apos;a36b8b1cd5757287168e54b817830adce9b0158d&apos;, time: &apos;2016-06-30 19:26:09&apos;
System info: host: &apos;ChethanBidare-pc&apos;, ip: &apos;172.16.18.217&apos;, os.name: &apos;Windows 10&apos;, os.arch: &apos;amd64&apos;, os.version: &apos;10.0&apos;, java.version: &apos;1.8.0_144&apos;
Driver info: org.openqa.selenium.chrome.ChromeDriver
Capabilities [{applicationCacheEnabled=false, rotatable=false, mobileEmulationEnabled=false, networkConnectionEnabled=false, chrome={chromedriverVersion=2.36.540470 (e522d04694c7ebea4ba8821272dbef4f9b818c91), userDataDir=C:\Users\User1\AppData\Local\Temp\scoped_dir10728_16049}, takesHeapSnapshot=true, pageLoadStrategy=normal, databaseEnabled=false, handlesAlerts=true, hasTouchScreen=false, version=68.0.3440.106, platform=XP, browserConnectionEnabled=false, nativeEvents=true, acceptSslCerts=false, acceptInsecureCerts=false, locationContextEnabled=true, webStorageEnabled=true, browserName=chrome, takesScreenshot=true, javascriptEnabled=true, cssSelectorsEnabled=true, setWindowRect=true, unexpectedAlertBehaviour=}]
Session ID: e7289d06da26ae1343caae5c22f3b09c
*** Element info: {Using=xpath, value=.//button[contains(text(),&apos;Valid&apos;)]}
	at org.openqa.selenium.remote.ErrorHandler.createThrowable(ErrorHandler.java:206)
	at org.openqa.selenium.remote.ErrorHandler.throwIfResponseFailed(ErrorHandler.java:158)
	at org.openqa.selenium.remote.RemoteWebDriver.execute(RemoteWebDriver.java:678)
	at org.openqa.selenium.remote.RemoteWebDriver.findElement(RemoteWebDriver.java:363)
	at org.openqa.selenium.remote.RemoteWebDriver.findElementByXPath(RemoteWebDriver.java:500)
	at org.openqa.selenium.By$ByXPath.findElement(By.java:361)
	at org.openqa.selenium.remote.RemoteWebDriver.findElement(RemoteWebDriver.java:355)
	at org.openqa.selenium.support.pagefactory.DefaultElementLocator.findElement(DefaultElementLocator.java:69)
	at org.openqa.selenium.support.pagefactory.internal.LocatingElementHandler.invoke(LocatingElementHandler.java:38)
	at com.sun.proxy.$Proxy9.click(Unknown Source)
	at c2info_OrderBuk_UIPages.ToBeVerified.makeOrderValid(ToBeVerified.java:96)
	at c2info_OrderBuk_ToBeVerifiedTCs.TC_002_VerifyImageExistance.verifyImageInDigitizePage(TC_002_VerifyImageExistance.java:44)
... Removed 29 stack frames</pre></div><a href='#' onClick='toggleBox("stack-trace1423016050", this, "Click to show all stack frames", "Click to hide stack frames")'>Click to show all stack frames</a>
<div class='stack-trace' id='stack-trace1423016050'><pre>org.openqa.selenium.NoSuchElementException: no such element: Unable to locate element: {&quot;method&quot;:&quot;xpath&quot;,&quot;selector&quot;:&quot;.//button[contains(text(),&apos;Valid&apos;)]&quot;}
  (Session info: chrome=68.0.3440.106)
  (Driver info: chromedriver=2.36.540470 (e522d04694c7ebea4ba8821272dbef4f9b818c91),platform=Windows NT 10.0.17134 x86_64) (WARNING: The server did not provide any stacktrace information)
Command duration or timeout: 60.02 seconds
For documentation on this error, please visit: http://seleniumhq.org/exceptions/no_such_element.html
Build info: version: &apos;2.53.1&apos;, revision: &apos;a36b8b1cd5757287168e54b817830adce9b0158d&apos;, time: &apos;2016-06-30 19:26:09&apos;
System info: host: &apos;ChethanBidare-pc&apos;, ip: &apos;172.16.18.217&apos;, os.name: &apos;Windows 10&apos;, os.arch: &apos;amd64&apos;, os.version: &apos;10.0&apos;, java.version: &apos;1.8.0_144&apos;
Driver info: org.openqa.selenium.chrome.ChromeDriver
Capabilities [{applicationCacheEnabled=false, rotatable=false, mobileEmulationEnabled=false, networkConnectionEnabled=false, chrome={chromedriverVersion=2.36.540470 (e522d04694c7ebea4ba8821272dbef4f9b818c91), userDataDir=C:\Users\User1\AppData\Local\Temp\scoped_dir10728_16049}, takesHeapSnapshot=true, pageLoadStrategy=normal, databaseEnabled=false, handlesAlerts=true, hasTouchScreen=false, version=68.0.3440.106, platform=XP, browserConnectionEnabled=false, nativeEvents=true, acceptSslCerts=false, acceptInsecureCerts=false, locationContextEnabled=true, webStorageEnabled=true, browserName=chrome, takesScreenshot=true, javascriptEnabled=true, cssSelectorsEnabled=true, setWindowRect=true, unexpectedAlertBehaviour=}]
Session ID: e7289d06da26ae1343caae5c22f3b09c
*** Element info: {Using=xpath, value=.//button[contains(text(),&apos;Valid&apos;)]}
	at sun.reflect.NativeConstructorAccessorImpl.newInstance0(Native Method)
	at sun.reflect.NativeConstructorAccessorImpl.newInstance(NativeConstructorAccessorImpl.java:62)
	at sun.reflect.DelegatingConstructorAccessorImpl.newInstance(DelegatingConstructorAccessorImpl.java:45)
	at java.lang.reflect.Constructor.newInstance(Constructor.java:423)
	at org.openqa.selenium.remote.ErrorHandler.createThrowable(ErrorHandler.java:206)
	at org.openqa.selenium.remote.ErrorHandler.throwIfResponseFailed(ErrorHandler.java:158)
	at org.openqa.selenium.remote.RemoteWebDriver.execute(RemoteWebDriver.java:678)
	at org.openqa.selenium.remote.RemoteWebDriver.findElement(RemoteWebDriver.java:363)
	at org.openqa.selenium.remote.RemoteWebDriver.findElementByXPath(RemoteWebDriver.java:500)
	at org.openqa.selenium.By$ByXPath.findElement(By.java:361)
	at org.openqa.selenium.remote.RemoteWebDriver.findElement(RemoteWebDriver.java:355)
	at org.openqa.selenium.support.pagefactory.DefaultElementLocator.findElement(DefaultElementLocator.java:69)
	at org.openqa.selenium.support.pagefactory.internal.LocatingElementHandler.invoke(LocatingElementHandler.java:38)
	at com.sun.proxy.$Proxy9.click(Unknown Source)
	at c2info_OrderBuk_UIPages.ToBeVerified.makeOrderValid(ToBeVerified.java:96)
	at c2info_OrderBuk_ToBeVerifiedTCs.TC_002_VerifyImageExistance.verifyImageInDigitizePage(TC_002_VerifyImageExistance.java:44)
	at sun.reflect.NativeMethodAccessorImpl.invoke0(Native Method)
	at sun.reflect.NativeMethodAccessorImpl.invoke(NativeMethodAccessorImpl.java:62)
	at sun.reflect.DelegatingMethodAccessorImpl.invoke(DelegatingMethodAccessorImpl.java:43)
	at java.lang.reflect.Method.invoke(Method.java:498)
	at org.testng.internal.MethodInvocationHelper.invokeMethod(MethodInvocationHelper.java:124)
	at org.testng.internal.Invoker.invokeMethod(Invoker.java:583)
	at org.testng.internal.Invoker.invokeTestMethod(Invoker.java:719)
	at org.testng.internal.Invoker.invokeTestMethods(Invoker.java:989)
	at org.testng.internal.TestMethodWorker.invokeTestMethods(TestMethodWorker.java:125)
	at org.testng.internal.TestMethodWorker.run(TestMethodWorker.java:109)
	at org.testng.TestRunner.privateRun(TestRunner.java:648)
	at org.testng.TestRunner.run(TestRunner.java:505)
	at org.testng.SuiteRunner.runTest(SuiteRunner.java:455)
	at org.testng.SuiteRunner.runSequentially(SuiteRunner.java:450)
	at org.testng.SuiteRunner.privateRun(SuiteRunner.java:415)
	at org.testng.SuiteRunner.run(SuiteRunner.java:364)
	at org.testng.SuiteRunnerWorker.runSuite(SuiteRunnerWorker.java:52)
	at org.testng.SuiteRunnerWorker.run(SuiteRunnerWorker.java:84)
	at org.testng.TestNG.runSuitesSequentially(TestNG.java:1208)
	at org.testng.TestNG.runSuitesLocally(TestNG.java:1137)
	at org.testng.TestNG.runSuites(TestNG.java:1049)
	at org.testng.TestNG.run(TestNG.java:1017)
	at org.testng.remote.AbstractRemoteTestNG.run(AbstractRemoteTestNG.java:114)
	at org.testng.remote.RemoteTestNG.initAndRun(RemoteTestNG.java:251)
	at org.testng.remote.RemoteTestNG.main(RemoteTestNG.java:77)
</pre></div></td>
<td>60</td>
<td>c2info_OrderBuk_ToBeVerifiedTCs.TC_002_VerifyImageExistance@2aa5fe93</td></tr>
<tr>
<td title='c2info_OrderBuk_DashboardTCs.TC_005_Verify_MenuSliderIcons.verifyImageInMenuSlider()'><b>verifyImageInMenuSlider</b><br>Test class: c2info_OrderBuk_DashboardTCs.TC_005_Verify_MenuSliderIcons<br/>
<a href="#Output-882646447" onClick='toggleBox("Output-882646447", this, "Show output", "Hide output");'>Show output</a>

<a href="#Output-882646447" onClick="toggleAllBoxes();">Show all outputs</a>
<div class='log' id="Output-882646447">
<a href='E:\workspace\c2info_OrderBuk\src\main\java\c2info_OrderBuk_ScreenShots\Failure\verifyImageInMenuSlider_2018_09_246_10_09_588.png' ><img src = 'E:\workspace\c2info_OrderBuk\src\main\java\c2info_OrderBuk_ScreenShots\Failure\verifyImageInMenuSlider_2018_09_246_10_09_588.png' hieght='100' width='100' /></a><br/>
</div>
</td>
<td><div><pre>org.openqa.selenium.ElementNotVisibleException: element not visible
  (Session info: chrome=68.0.3440.106)
  (Driver info: chromedriver=2.36.540470 (e522d04694c7ebea4ba8821272dbef4f9b818c91),platform=Windows NT 10.0.17134 x86_64) (WARNING: The server did not provide any stacktrace information)
Command duration or timeout: 26 milliseconds
Build info: version: &apos;2.53.1&apos;, revision: &apos;a36b8b1cd5757287168e54b817830adce9b0158d&apos;, time: &apos;2016-06-30 19:26:09&apos;
System info: host: &apos;ChethanBidare-pc&apos;, ip: &apos;172.16.18.217&apos;, os.name: &apos;Windows 10&apos;, os.arch: &apos;amd64&apos;, os.version: &apos;10.0&apos;, java.version: &apos;1.8.0_144&apos;
Driver info: org.openqa.selenium.chrome.ChromeDriver
Capabilities [{applicationCacheEnabled=false, rotatable=false, mobileEmulationEnabled=false, networkConnectionEnabled=false, chrome={chromedriverVersion=2.36.540470 (e522d04694c7ebea4ba8821272dbef4f9b818c91), userDataDir=C:\Users\User1\AppData\Local\Temp\scoped_dir6452_15809}, takesHeapSnapshot=true, pageLoadStrategy=normal, databaseEnabled=false, handlesAlerts=true, hasTouchScreen=false, version=68.0.3440.106, platform=XP, browserConnectionEnabled=false, nativeEvents=true, acceptSslCerts=false, acceptInsecureCerts=false, locationContextEnabled=true, webStorageEnabled=true, browserName=chrome, takesScreenshot=true, javascriptEnabled=true, cssSelectorsEnabled=true, setWindowRect=true, unexpectedAlertBehaviour=}]
Session ID: b73726c2a5834cac82be45874040941b
	at org.openqa.selenium.remote.ErrorHandler.createThrowable(ErrorHandler.java:206)
	at org.openqa.selenium.remote.ErrorHandler.throwIfResponseFailed(ErrorHandler.java:158)
	at org.openqa.selenium.remote.RemoteWebDriver.execute(RemoteWebDriver.java:678)
	at org.openqa.selenium.remote.RemoteWebElement.execute(RemoteWebElement.java:327)
	at org.openqa.selenium.remote.RemoteWebElement.click(RemoteWebElement.java:85)
	at org.openqa.selenium.support.pagefactory.internal.LocatingElementHandler.invoke(LocatingElementHandler.java:51)
	at com.sun.proxy.$Proxy9.click(Unknown Source)
	at c2info_OrderBuk_UIPages.Dashboard.clickOnImageInMenu(Dashboard.java:171)
	at c2info_OrderBuk_DashboardTCs.TC_005_Verify_MenuSliderIcons.verifyImageInMenuSlider(TC_005_Verify_MenuSliderIcons.java:61)
... Removed 32 stack frames</pre></div><a href='#' onClick='toggleBox("stack-trace882646447", this, "Click to show all stack frames", "Click to hide stack frames")'>Click to show all stack frames</a>
<div class='stack-trace' id='stack-trace882646447'><pre>org.openqa.selenium.ElementNotVisibleException: element not visible
  (Session info: chrome=68.0.3440.106)
  (Driver info: chromedriver=2.36.540470 (e522d04694c7ebea4ba8821272dbef4f9b818c91),platform=Windows NT 10.0.17134 x86_64) (WARNING: The server did not provide any stacktrace information)
Command duration or timeout: 26 milliseconds
Build info: version: &apos;2.53.1&apos;, revision: &apos;a36b8b1cd5757287168e54b817830adce9b0158d&apos;, time: &apos;2016-06-30 19:26:09&apos;
System info: host: &apos;ChethanBidare-pc&apos;, ip: &apos;172.16.18.217&apos;, os.name: &apos;Windows 10&apos;, os.arch: &apos;amd64&apos;, os.version: &apos;10.0&apos;, java.version: &apos;1.8.0_144&apos;
Driver info: org.openqa.selenium.chrome.ChromeDriver
Capabilities [{applicationCacheEnabled=false, rotatable=false, mobileEmulationEnabled=false, networkConnectionEnabled=false, chrome={chromedriverVersion=2.36.540470 (e522d04694c7ebea4ba8821272dbef4f9b818c91), userDataDir=C:\Users\User1\AppData\Local\Temp\scoped_dir6452_15809}, takesHeapSnapshot=true, pageLoadStrategy=normal, databaseEnabled=false, handlesAlerts=true, hasTouchScreen=false, version=68.0.3440.106, platform=XP, browserConnectionEnabled=false, nativeEvents=true, acceptSslCerts=false, acceptInsecureCerts=false, locationContextEnabled=true, webStorageEnabled=true, browserName=chrome, takesScreenshot=true, javascriptEnabled=true, cssSelectorsEnabled=true, setWindowRect=true, unexpectedAlertBehaviour=}]
Session ID: b73726c2a5834cac82be45874040941b
	at sun.reflect.NativeConstructorAccessorImpl.newInstance0(Native Method)
	at sun.reflect.NativeConstructorAccessorImpl.newInstance(NativeConstructorAccessorImpl.java:62)
	at sun.reflect.DelegatingConstructorAccessorImpl.newInstance(DelegatingConstructorAccessorImpl.java:45)
	at java.lang.reflect.Constructor.newInstance(Constructor.java:423)
	at org.openqa.selenium.remote.ErrorHandler.createThrowable(ErrorHandler.java:206)
	at org.openqa.selenium.remote.ErrorHandler.throwIfResponseFailed(ErrorHandler.java:158)
	at org.openqa.selenium.remote.RemoteWebDriver.execute(RemoteWebDriver.java:678)
	at org.openqa.selenium.remote.RemoteWebElement.execute(RemoteWebElement.java:327)
	at org.openqa.selenium.remote.RemoteWebElement.click(RemoteWebElement.java:85)
	at sun.reflect.GeneratedMethodAccessor9.invoke(Unknown Source)
	at sun.reflect.DelegatingMethodAccessorImpl.invoke(DelegatingMethodAccessorImpl.java:43)
	at java.lang.reflect.Method.invoke(Method.java:498)
	at org.openqa.selenium.support.pagefactory.internal.LocatingElementHandler.invoke(LocatingElementHandler.java:51)
	at com.sun.proxy.$Proxy9.click(Unknown Source)
	at c2info_OrderBuk_UIPages.Dashboard.clickOnImageInMenu(Dashboard.java:171)
	at c2info_OrderBuk_DashboardTCs.TC_005_Verify_MenuSliderIcons.verifyImageInMenuSlider(TC_005_Verify_MenuSliderIcons.java:61)
	at sun.reflect.NativeMethodAccessorImpl.invoke0(Native Method)
	at sun.reflect.NativeMethodAccessorImpl.invoke(NativeMethodAccessorImpl.java:62)
	at sun.reflect.DelegatingMethodAccessorImpl.invoke(DelegatingMethodAccessorImpl.java:43)
	at java.lang.reflect.Method.invoke(Method.java:498)
	at org.testng.internal.MethodInvocationHelper.invokeMethod(MethodInvocationHelper.java:124)
	at org.testng.internal.Invoker.invokeMethod(Invoker.java:583)
	at org.testng.internal.Invoker.invokeTestMethod(Invoker.java:719)
	at org.testng.internal.Invoker.invokeTestMethods(Invoker.java:989)
	at org.testng.internal.TestMethodWorker.invokeTestMethods(TestMethodWorker.java:125)
	at org.testng.internal.TestMethodWorker.run(TestMethodWorker.java:109)
	at org.testng.TestRunner.privateRun(TestRunner.java:648)
	at org.testng.TestRunner.run(TestRunner.java:505)
	at org.testng.SuiteRunner.runTest(SuiteRunner.java:455)
	at org.testng.SuiteRunner.runSequentially(SuiteRunner.java:450)
	at org.testng.SuiteRunner.privateRun(SuiteRunner.java:415)
	at org.testng.SuiteRunner.run(SuiteRunner.java:364)
	at org.testng.SuiteRunnerWorker.runSuite(SuiteRunnerWorker.java:52)
	at org.testng.SuiteRunnerWorker.run(SuiteRunnerWorker.java:84)
	at org.testng.TestNG.runSuitesSequentially(TestNG.java:1208)
	at org.testng.TestNG.runSuitesLocally(TestNG.java:1137)
	at org.testng.TestNG.runSuites(TestNG.java:1049)
	at org.testng.TestNG.run(TestNG.java:1017)
	at org.testng.remote.AbstractRemoteTestNG.run(AbstractRemoteTestNG.java:114)
	at org.testng.remote.RemoteTestNG.initAndRun(RemoteTestNG.java:251)
	at org.testng.remote.RemoteTestNG.main(RemoteTestNG.java:77)
</pre></div></td>
<td>0</td>
<td>c2info_OrderBuk_DashboardTCs.TC_005_Verify_MenuSliderIcons@3a079870</td></tr>
<tr>
<td title='c2info_OrderBuk_CustConfirmedveriPendingTCs.TC_009_VerifyNewItemRequestSuccessMsg.verifyNewItemRequestSuccessMsg()'><b>verifyNewItemRequestSuccessMsg</b><br>Test class: c2info_OrderBuk_CustConfirmedveriPendingTCs.TC_009_VerifyNewItemRequestSuccessMsg<br/>
<a href="#Output-1558395480" onClick='toggleBox("Output-1558395480", this, "Show output", "Hide output");'>Show output</a>

<a href="#Output-1558395480" onClick="toggleAllBoxes();">Show all outputs</a>
<div class='log' id="Output-1558395480">
<a href='E:\workspace\c2info_OrderBuk\src\main\java\c2info_OrderBuk_ScreenShots\Failure\verifyNewItemRequestSuccessMsg_2018_09_246_11_09_378.png' ><img src = 'E:\workspace\c2info_OrderBuk\src\main\java\c2info_OrderBuk_ScreenShots\Failure\verifyNewItemRequestSuccessMsg_2018_09_246_11_09_378.png' hieght='100' width='100' /></a><br/>
</div>
</td>
<td><div><pre>java.lang.AssertionError: expected [Order Sent to New Item Put on Hold.] but found [Order Confirmed Successfully.]
	at c2info_OrderBuk_CustConfirmedveriPendingTCs.TC_009_VerifyNewItemRequestSuccessMsg.verifyNewItemRequestSuccessMsg(TC_009_VerifyNewItemRequestSuccessMsg.java:46)
... Removed 31 stack frames</pre></div><a href='#' onClick='toggleBox("stack-trace1558395480", this, "Click to show all stack frames", "Click to hide stack frames")'>Click to show all stack frames</a>
<div class='stack-trace' id='stack-trace1558395480'><pre>java.lang.AssertionError: expected [Order Sent to New Item Put on Hold.] but found [Order Confirmed Successfully.]
	at org.testng.Assert.fail(Assert.java:96)
	at org.testng.Assert.failNotEquals(Assert.java:776)
	at org.testng.Assert.assertEqualsImpl(Assert.java:137)
	at org.testng.Assert.assertEquals(Assert.java:118)
	at org.testng.Assert.assertEquals(Assert.java:453)
	at org.testng.Assert.assertEquals(Assert.java:463)
	at c2info_OrderBuk_CustConfirmedveriPendingTCs.TC_009_VerifyNewItemRequestSuccessMsg.verifyNewItemRequestSuccessMsg(TC_009_VerifyNewItemRequestSuccessMsg.java:46)
	at sun.reflect.NativeMethodAccessorImpl.invoke0(Native Method)
	at sun.reflect.NativeMethodAccessorImpl.invoke(NativeMethodAccessorImpl.java:62)
	at sun.reflect.DelegatingMethodAccessorImpl.invoke(DelegatingMethodAccessorImpl.java:43)
	at java.lang.reflect.Method.invoke(Method.java:498)
	at org.testng.internal.MethodInvocationHelper.invokeMethod(MethodInvocationHelper.java:124)
	at org.testng.internal.Invoker.invokeMethod(Invoker.java:583)
	at org.testng.internal.Invoker.invokeTestMethod(Invoker.java:719)
	at org.testng.internal.Invoker.invokeTestMethods(Invoker.java:989)
	at org.testng.internal.TestMethodWorker.invokeTestMethods(TestMethodWorker.java:125)
	at org.testng.internal.TestMethodWorker.run(TestMethodWorker.java:109)
	at org.testng.TestRunner.privateRun(TestRunner.java:648)
	at org.testng.TestRunner.run(TestRunner.java:505)
	at org.testng.SuiteRunner.runTest(SuiteRunner.java:455)
	at org.testng.SuiteRunner.runSequentially(SuiteRunner.java:450)
	at org.testng.SuiteRunner.privateRun(SuiteRunner.java:415)
	at org.testng.SuiteRunner.run(SuiteRunner.java:364)
	at org.testng.SuiteRunnerWorker.runSuite(SuiteRunnerWorker.java:52)
	at org.testng.SuiteRunnerWorker.run(SuiteRunnerWorker.java:84)
	at org.testng.TestNG.runSuitesSequentially(TestNG.java:1208)
	at org.testng.TestNG.runSuitesLocally(TestNG.java:1137)
	at org.testng.TestNG.runSuites(TestNG.java:1049)
	at org.testng.TestNG.run(TestNG.java:1017)
	at org.testng.remote.AbstractRemoteTestNG.run(AbstractRemoteTestNG.java:114)
	at org.testng.remote.RemoteTestNG.initAndRun(RemoteTestNG.java:251)
	at org.testng.remote.RemoteTestNG.main(RemoteTestNG.java:77)
</pre></div></td>
<td>24</td>
<td>c2info_OrderBuk_CustConfirmedveriPendingTCs.TC_009_VerifyNewItemRequestSuccessMsg@19d37183</td></tr>
<tr>
<td title='c2info_OrderBuk_DashboardTCs.TC_002_VerifyOrderCountInEachbucket.verifyOrderCountToBeVerified()'><b>verifyOrderCountToBeVerified</b><br>Test class: c2info_OrderBuk_DashboardTCs.TC_002_VerifyOrderCountInEachbucket<br/>
<a href="#Output-758572926" onClick='toggleBox("Output-758572926", this, "Show output", "Hide output");'>Show output</a>

<a href="#Output-758572926" onClick="toggleAllBoxes();">Show all outputs</a>
<div class='log' id="Output-758572926">
<a href='E:\workspace\c2info_OrderBuk\src\main\java\c2info_OrderBuk_ScreenShots\Failure\verifyOrderCountToBeVerified_2018_09_246_10_09_349.png' ><img src = 'E:\workspace\c2info_OrderBuk\src\main\java\c2info_OrderBuk_ScreenShots\Failure\verifyOrderCountToBeVerified_2018_09_246_10_09_349.png' hieght='100' width='100' /></a><br/>
</div>
</td>
<td><div><pre>java.lang.AssertionError: expected [122] but found [70]
	at c2info_OrderBuk_DashboardTCs.TC_002_VerifyOrderCountInEachbucket.verifyOrderCountToBeVerified(TC_002_VerifyOrderCountInEachbucket.java:39)
... Removed 31 stack frames</pre></div><a href='#' onClick='toggleBox("stack-trace758572926", this, "Click to show all stack frames", "Click to hide stack frames")'>Click to show all stack frames</a>
<div class='stack-trace' id='stack-trace758572926'><pre>java.lang.AssertionError: expected [122] but found [70]
	at org.testng.Assert.fail(Assert.java:96)
	at org.testng.Assert.failNotEquals(Assert.java:776)
	at org.testng.Assert.assertEqualsImpl(Assert.java:137)
	at org.testng.Assert.assertEquals(Assert.java:118)
	at org.testng.Assert.assertEquals(Assert.java:652)
	at org.testng.Assert.assertEquals(Assert.java:662)
	at c2info_OrderBuk_DashboardTCs.TC_002_VerifyOrderCountInEachbucket.verifyOrderCountToBeVerified(TC_002_VerifyOrderCountInEachbucket.java:39)
	at sun.reflect.NativeMethodAccessorImpl.invoke0(Native Method)
	at sun.reflect.NativeMethodAccessorImpl.invoke(NativeMethodAccessorImpl.java:62)
	at sun.reflect.DelegatingMethodAccessorImpl.invoke(DelegatingMethodAccessorImpl.java:43)
	at java.lang.reflect.Method.invoke(Method.java:498)
	at org.testng.internal.MethodInvocationHelper.invokeMethod(MethodInvocationHelper.java:124)
	at org.testng.internal.Invoker.invokeMethod(Invoker.java:583)
	at org.testng.internal.Invoker.invokeTestMethod(Invoker.java:719)
	at org.testng.internal.Invoker.invokeTestMethods(Invoker.java:989)
	at org.testng.internal.TestMethodWorker.invokeTestMethods(TestMethodWorker.java:125)
	at org.testng.internal.TestMethodWorker.run(TestMethodWorker.java:109)
	at org.testng.TestRunner.privateRun(TestRunner.java:648)
	at org.testng.TestRunner.run(TestRunner.java:505)
	at org.testng.SuiteRunner.runTest(SuiteRunner.java:455)
	at org.testng.SuiteRunner.runSequentially(SuiteRunner.java:450)
	at org.testng.SuiteRunner.privateRun(SuiteRunner.java:415)
	at org.testng.SuiteRunner.run(SuiteRunner.java:364)
	at org.testng.SuiteRunnerWorker.runSuite(SuiteRunnerWorker.java:52)
	at org.testng.SuiteRunnerWorker.run(SuiteRunnerWorker.java:84)
	at org.testng.TestNG.runSuitesSequentially(TestNG.java:1208)
	at org.testng.TestNG.runSuitesLocally(TestNG.java:1137)
	at org.testng.TestNG.runSuites(TestNG.java:1049)
	at org.testng.TestNG.run(TestNG.java:1017)
	at org.testng.remote.AbstractRemoteTestNG.run(AbstractRemoteTestNG.java:114)
	at org.testng.remote.RemoteTestNG.initAndRun(RemoteTestNG.java:251)
	at org.testng.remote.RemoteTestNG.main(RemoteTestNG.java:77)
</pre></div></td>
<td>17</td>
<td>c2info_OrderBuk_DashboardTCs.TC_002_VerifyOrderCountInEachbucket@657c8ad9</td></tr>
<tr>
<td title='c2info_OrderBuk_ReadyForOrderTCs.TC_007_VerifyReverifyButton.verifyReverifybutton()'><b>verifyReverifybutton</b><br>Test class: c2info_OrderBuk_ReadyForOrderTCs.TC_007_VerifyReverifyButton<br/>
<a href="#Output-1747053097" onClick='toggleBox("Output-1747053097", this, "Show output", "Hide output");'>Show output</a>

<a href="#Output-1747053097" onClick="toggleAllBoxes();">Show all outputs</a>
<div class='log' id="Output-1747053097">
<a href='E:\workspace\c2info_OrderBuk\src\main\java\c2info_OrderBuk_ScreenShots\Failure\verifyReverifybutton_2018_09_246_11_09_623.png' ><img src = 'E:\workspace\c2info_OrderBuk\src\main\java\c2info_OrderBuk_ScreenShots\Failure\verifyReverifybutton_2018_09_246_11_09_623.png' hieght='100' width='100' /></a><br/>
</div>
</td>
<td><div><pre>org.openqa.selenium.NoSuchElementException: no such element: Unable to locate element: {&quot;method&quot;:&quot;id&quot;,&quot;selector&quot;:&quot;reverify&quot;}
  (Session info: chrome=68.0.3440.106)
  (Driver info: chromedriver=2.36.540470 (e522d04694c7ebea4ba8821272dbef4f9b818c91),platform=Windows NT 10.0.17134 x86_64) (WARNING: The server did not provide any stacktrace information)
Command duration or timeout: 60.03 seconds
For documentation on this error, please visit: http://seleniumhq.org/exceptions/no_such_element.html
Build info: version: &apos;2.53.1&apos;, revision: &apos;a36b8b1cd5757287168e54b817830adce9b0158d&apos;, time: &apos;2016-06-30 19:26:09&apos;
System info: host: &apos;ChethanBidare-pc&apos;, ip: &apos;172.16.18.217&apos;, os.name: &apos;Windows 10&apos;, os.arch: &apos;amd64&apos;, os.version: &apos;10.0&apos;, java.version: &apos;1.8.0_144&apos;
Driver info: org.openqa.selenium.chrome.ChromeDriver
Capabilities [{applicationCacheEnabled=false, rotatable=false, mobileEmulationEnabled=false, networkConnectionEnabled=false, chrome={chromedriverVersion=2.36.540470 (e522d04694c7ebea4ba8821272dbef4f9b818c91), userDataDir=C:\Users\User1\AppData\Local\Temp\scoped_dir2100_27065}, takesHeapSnapshot=true, pageLoadStrategy=normal, databaseEnabled=false, handlesAlerts=true, hasTouchScreen=false, version=68.0.3440.106, platform=XP, browserConnectionEnabled=false, nativeEvents=true, acceptSslCerts=false, acceptInsecureCerts=false, locationContextEnabled=true, webStorageEnabled=true, browserName=chrome, takesScreenshot=true, javascriptEnabled=true, cssSelectorsEnabled=true, setWindowRect=true, unexpectedAlertBehaviour=}]
Session ID: 4acb09eefb2909d451ecbaacd48b85cc
*** Element info: {Using=id, value=reverify}
	at org.openqa.selenium.remote.ErrorHandler.createThrowable(ErrorHandler.java:206)
	at org.openqa.selenium.remote.ErrorHandler.throwIfResponseFailed(ErrorHandler.java:158)
	at org.openqa.selenium.remote.RemoteWebDriver.execute(RemoteWebDriver.java:678)
	at org.openqa.selenium.remote.RemoteWebDriver.findElement(RemoteWebDriver.java:363)
	at org.openqa.selenium.remote.RemoteWebDriver.findElementById(RemoteWebDriver.java:413)
	at org.openqa.selenium.By$ById.findElement(By.java:218)
	at org.openqa.selenium.remote.RemoteWebDriver.findElement(RemoteWebDriver.java:355)
	at org.openqa.selenium.support.pagefactory.DefaultElementLocator.findElement(DefaultElementLocator.java:69)
	at org.openqa.selenium.support.pagefactory.internal.LocatingElementHandler.invoke(LocatingElementHandler.java:38)
	at com.sun.proxy.$Proxy9.click(Unknown Source)
	at c2info_OrderBuk_UIPages.ReadyForOrder.clickOnReverifyBtnInRFOpage(ReadyForOrder.java:185)
	at c2info_OrderBuk_ReadyForOrderTCs.TC_007_VerifyReverifyButton.verifyReverifybutton(TC_007_VerifyReverifyButton.java:39)
... Removed 29 stack frames</pre></div><a href='#' onClick='toggleBox("stack-trace1747053097", this, "Click to show all stack frames", "Click to hide stack frames")'>Click to show all stack frames</a>
<div class='stack-trace' id='stack-trace1747053097'><pre>org.openqa.selenium.NoSuchElementException: no such element: Unable to locate element: {&quot;method&quot;:&quot;id&quot;,&quot;selector&quot;:&quot;reverify&quot;}
  (Session info: chrome=68.0.3440.106)
  (Driver info: chromedriver=2.36.540470 (e522d04694c7ebea4ba8821272dbef4f9b818c91),platform=Windows NT 10.0.17134 x86_64) (WARNING: The server did not provide any stacktrace information)
Command duration or timeout: 60.03 seconds
For documentation on this error, please visit: http://seleniumhq.org/exceptions/no_such_element.html
Build info: version: &apos;2.53.1&apos;, revision: &apos;a36b8b1cd5757287168e54b817830adce9b0158d&apos;, time: &apos;2016-06-30 19:26:09&apos;
System info: host: &apos;ChethanBidare-pc&apos;, ip: &apos;172.16.18.217&apos;, os.name: &apos;Windows 10&apos;, os.arch: &apos;amd64&apos;, os.version: &apos;10.0&apos;, java.version: &apos;1.8.0_144&apos;
Driver info: org.openqa.selenium.chrome.ChromeDriver
Capabilities [{applicationCacheEnabled=false, rotatable=false, mobileEmulationEnabled=false, networkConnectionEnabled=false, chrome={chromedriverVersion=2.36.540470 (e522d04694c7ebea4ba8821272dbef4f9b818c91), userDataDir=C:\Users\User1\AppData\Local\Temp\scoped_dir2100_27065}, takesHeapSnapshot=true, pageLoadStrategy=normal, databaseEnabled=false, handlesAlerts=true, hasTouchScreen=false, version=68.0.3440.106, platform=XP, browserConnectionEnabled=false, nativeEvents=true, acceptSslCerts=false, acceptInsecureCerts=false, locationContextEnabled=true, webStorageEnabled=true, browserName=chrome, takesScreenshot=true, javascriptEnabled=true, cssSelectorsEnabled=true, setWindowRect=true, unexpectedAlertBehaviour=}]
Session ID: 4acb09eefb2909d451ecbaacd48b85cc
*** Element info: {Using=id, value=reverify}
	at sun.reflect.NativeConstructorAccessorImpl.newInstance0(Native Method)
	at sun.reflect.NativeConstructorAccessorImpl.newInstance(NativeConstructorAccessorImpl.java:62)
	at sun.reflect.DelegatingConstructorAccessorImpl.newInstance(DelegatingConstructorAccessorImpl.java:45)
	at java.lang.reflect.Constructor.newInstance(Constructor.java:423)
	at org.openqa.selenium.remote.ErrorHandler.createThrowable(ErrorHandler.java:206)
	at org.openqa.selenium.remote.ErrorHandler.throwIfResponseFailed(ErrorHandler.java:158)
	at org.openqa.selenium.remote.RemoteWebDriver.execute(RemoteWebDriver.java:678)
	at org.openqa.selenium.remote.RemoteWebDriver.findElement(RemoteWebDriver.java:363)
	at org.openqa.selenium.remote.RemoteWebDriver.findElementById(RemoteWebDriver.java:413)
	at org.openqa.selenium.By$ById.findElement(By.java:218)
	at org.openqa.selenium.remote.RemoteWebDriver.findElement(RemoteWebDriver.java:355)
	at org.openqa.selenium.support.pagefactory.DefaultElementLocator.findElement(DefaultElementLocator.java:69)
	at org.openqa.selenium.support.pagefactory.internal.LocatingElementHandler.invoke(LocatingElementHandler.java:38)
	at com.sun.proxy.$Proxy9.click(Unknown Source)
	at c2info_OrderBuk_UIPages.ReadyForOrder.clickOnReverifyBtnInRFOpage(ReadyForOrder.java:185)
	at c2info_OrderBuk_ReadyForOrderTCs.TC_007_VerifyReverifyButton.verifyReverifybutton(TC_007_VerifyReverifyButton.java:39)
	at sun.reflect.NativeMethodAccessorImpl.invoke0(Native Method)
	at sun.reflect.NativeMethodAccessorImpl.invoke(NativeMethodAccessorImpl.java:62)
	at sun.reflect.DelegatingMethodAccessorImpl.invoke(DelegatingMethodAccessorImpl.java:43)
	at java.lang.reflect.Method.invoke(Method.java:498)
	at org.testng.internal.MethodInvocationHelper.invokeMethod(MethodInvocationHelper.java:124)
	at org.testng.internal.Invoker.invokeMethod(Invoker.java:583)
	at org.testng.internal.Invoker.invokeTestMethod(Invoker.java:719)
	at org.testng.internal.Invoker.invokeTestMethods(Invoker.java:989)
	at org.testng.internal.TestMethodWorker.invokeTestMethods(TestMethodWorker.java:125)
	at org.testng.internal.TestMethodWorker.run(TestMethodWorker.java:109)
	at org.testng.TestRunner.privateRun(TestRunner.java:648)
	at org.testng.TestRunner.run(TestRunner.java:505)
	at org.testng.SuiteRunner.runTest(SuiteRunner.java:455)
	at org.testng.SuiteRunner.runSequentially(SuiteRunner.java:450)
	at org.testng.SuiteRunner.privateRun(SuiteRunner.java:415)
	at org.testng.SuiteRunner.run(SuiteRunner.java:364)
	at org.testng.SuiteRunnerWorker.runSuite(SuiteRunnerWorker.java:52)
	at org.testng.SuiteRunnerWorker.run(SuiteRunnerWorker.java:84)
	at org.testng.TestNG.runSuitesSequentially(TestNG.java:1208)
	at org.testng.TestNG.runSuitesLocally(TestNG.java:1137)
	at org.testng.TestNG.runSuites(TestNG.java:1049)
	at org.testng.TestNG.run(TestNG.java:1017)
	at org.testng.remote.AbstractRemoteTestNG.run(AbstractRemoteTestNG.java:114)
	at org.testng.remote.RemoteTestNG.initAndRun(RemoteTestNG.java:251)
	at org.testng.remote.RemoteTestNG.main(RemoteTestNG.java:77)
</pre></div></td>
<td>71</td>
<td>c2info_OrderBuk_ReadyForOrderTCs.TC_007_VerifyReverifyButton@6107227e</td></tr>
<tr>
<td title='c2info_OrderBuk_ReadyForOrderTCs.TC_003_VerifySubTotalwithItemWiseAmt.verifySubTotalAmt()'><b>verifySubTotalAmt</b><br>Test class: c2info_OrderBuk_ReadyForOrderTCs.TC_003_VerifySubTotalwithItemWiseAmt<br/>
<a href="#Output-2143739483" onClick='toggleBox("Output-2143739483", this, "Show output", "Hide output");'>Show output</a>

<a href="#Output-2143739483" onClick="toggleAllBoxes();">Show all outputs</a>
<div class='log' id="Output-2143739483">
<a href='E:\workspace\c2info_OrderBuk\src\main\java\c2info_OrderBuk_ScreenShots\Failure\verifySubTotalAmt_2018_09_246_10_09_323.png' ><img src = 'E:\workspace\c2info_OrderBuk\src\main\java\c2info_OrderBuk_ScreenShots\Failure\verifySubTotalAmt_2018_09_246_10_09_323.png' hieght='100' width='100' /></a><br/>
</div>
</td>
<td><div><pre>java.lang.AssertionError: expected [819.0500000000001] but found [819.05]
	at c2info_OrderBuk_ReadyForOrderTCs.TC_003_VerifySubTotalwithItemWiseAmt.verifySubTotalAmt(TC_003_VerifySubTotalwithItemWiseAmt.java:39)
... Removed 30 stack frames</pre></div><a href='#' onClick='toggleBox("stack-trace2143739483", this, "Click to show all stack frames", "Click to hide stack frames")'>Click to show all stack frames</a>
<div class='stack-trace' id='stack-trace2143739483'><pre>java.lang.AssertionError: expected [819.0500000000001] but found [819.05]
	at org.testng.Assert.fail(Assert.java:96)
	at org.testng.Assert.failNotEquals(Assert.java:776)
	at org.testng.Assert.assertEqualsImpl(Assert.java:137)
	at org.testng.Assert.assertEquals(Assert.java:118)
	at org.testng.Assert.assertEquals(Assert.java:442)
	at c2info_OrderBuk_ReadyForOrderTCs.TC_003_VerifySubTotalwithItemWiseAmt.verifySubTotalAmt(TC_003_VerifySubTotalwithItemWiseAmt.java:39)
	at sun.reflect.NativeMethodAccessorImpl.invoke0(Native Method)
	at sun.reflect.NativeMethodAccessorImpl.invoke(NativeMethodAccessorImpl.java:62)
	at sun.reflect.DelegatingMethodAccessorImpl.invoke(DelegatingMethodAccessorImpl.java:43)
	at java.lang.reflect.Method.invoke(Method.java:498)
	at org.testng.internal.MethodInvocationHelper.invokeMethod(MethodInvocationHelper.java:124)
	at org.testng.internal.Invoker.invokeMethod(Invoker.java:583)
	at org.testng.internal.Invoker.invokeTestMethod(Invoker.java:719)
	at org.testng.internal.Invoker.invokeTestMethods(Invoker.java:989)
	at org.testng.internal.TestMethodWorker.invokeTestMethods(TestMethodWorker.java:125)
	at org.testng.internal.TestMethodWorker.run(TestMethodWorker.java:109)
	at org.testng.TestRunner.privateRun(TestRunner.java:648)
	at org.testng.TestRunner.run(TestRunner.java:505)
	at org.testng.SuiteRunner.runTest(SuiteRunner.java:455)
	at org.testng.SuiteRunner.runSequentially(SuiteRunner.java:450)
	at org.testng.SuiteRunner.privateRun(SuiteRunner.java:415)
	at org.testng.SuiteRunner.run(SuiteRunner.java:364)
	at org.testng.SuiteRunnerWorker.runSuite(SuiteRunnerWorker.java:52)
	at org.testng.SuiteRunnerWorker.run(SuiteRunnerWorker.java:84)
	at org.testng.TestNG.runSuitesSequentially(TestNG.java:1208)
	at org.testng.TestNG.runSuitesLocally(TestNG.java:1137)
	at org.testng.TestNG.runSuites(TestNG.java:1049)
	at org.testng.TestNG.run(TestNG.java:1017)
	at org.testng.remote.AbstractRemoteTestNG.run(AbstractRemoteTestNG.java:114)
	at org.testng.remote.RemoteTestNG.initAndRun(RemoteTestNG.java:251)
	at org.testng.remote.RemoteTestNG.main(RemoteTestNG.java:77)
</pre></div></td>
<td>16</td>
<td>c2info_OrderBuk_ReadyForOrderTCs.TC_003_VerifySubTotalwithItemWiseAmt@3e3047e6</td></tr>
<tr>
<td title='c2info_OrderBuk_CustConfirmedveriPendingTCs.TC_006_VerifySubmitOrderFunctionality.verifySubmitOrderFunctionality()'><b>verifySubmitOrderFunctionality</b><br>Test class: c2info_OrderBuk_CustConfirmedveriPendingTCs.TC_006_VerifySubmitOrderFunctionality<br/>
<a href="#Output-1636588948" onClick='toggleBox("Output-1636588948", this, "Show output", "Hide output");'>Show output</a>

<a href="#Output-1636588948" onClick="toggleAllBoxes();">Show all outputs</a>
<div class='log' id="Output-1636588948">
<a href='E:\workspace\c2info_OrderBuk\src\main\java\c2info_OrderBuk_ScreenShots\Failure\verifySubmitOrderFunctionality_2018_09_246_11_09_123.png' ><img src = 'E:\workspace\c2info_OrderBuk\src\main\java\c2info_OrderBuk_ScreenShots\Failure\verifySubmitOrderFunctionality_2018_09_246_11_09_123.png' hieght='100' width='100' /></a><br/>
</div>
</td>
<td><div><pre>org.openqa.selenium.NoSuchElementException: no such element: Unable to locate element: {&quot;method&quot;:&quot;id&quot;,&quot;selector&quot;:&quot;btnsubmit&quot;}
  (Session info: chrome=68.0.3440.106)
  (Driver info: chromedriver=2.36.540470 (e522d04694c7ebea4ba8821272dbef4f9b818c91),platform=Windows NT 10.0.17134 x86_64) (WARNING: The server did not provide any stacktrace information)
Command duration or timeout: 60.01 seconds
For documentation on this error, please visit: http://seleniumhq.org/exceptions/no_such_element.html
Build info: version: &apos;2.53.1&apos;, revision: &apos;a36b8b1cd5757287168e54b817830adce9b0158d&apos;, time: &apos;2016-06-30 19:26:09&apos;
System info: host: &apos;ChethanBidare-pc&apos;, ip: &apos;172.16.18.217&apos;, os.name: &apos;Windows 10&apos;, os.arch: &apos;amd64&apos;, os.version: &apos;10.0&apos;, java.version: &apos;1.8.0_144&apos;
Driver info: org.openqa.selenium.chrome.ChromeDriver
Capabilities [{applicationCacheEnabled=false, rotatable=false, mobileEmulationEnabled=false, networkConnectionEnabled=false, chrome={chromedriverVersion=2.36.540470 (e522d04694c7ebea4ba8821272dbef4f9b818c91), userDataDir=C:\Users\User1\AppData\Local\Temp\scoped_dir11616_10927}, takesHeapSnapshot=true, pageLoadStrategy=normal, databaseEnabled=false, handlesAlerts=true, hasTouchScreen=false, version=68.0.3440.106, platform=XP, browserConnectionEnabled=false, nativeEvents=true, acceptSslCerts=false, acceptInsecureCerts=false, locationContextEnabled=true, webStorageEnabled=true, browserName=chrome, takesScreenshot=true, javascriptEnabled=true, cssSelectorsEnabled=true, setWindowRect=true, unexpectedAlertBehaviour=}]
Session ID: 1cf7ad0cc82175d5bceec7e24de56369
*** Element info: {Using=id, value=btnsubmit}
	at org.openqa.selenium.remote.ErrorHandler.createThrowable(ErrorHandler.java:206)
	at org.openqa.selenium.remote.ErrorHandler.throwIfResponseFailed(ErrorHandler.java:158)
	at org.openqa.selenium.remote.RemoteWebDriver.execute(RemoteWebDriver.java:678)
	at org.openqa.selenium.remote.RemoteWebDriver.findElement(RemoteWebDriver.java:363)
	at org.openqa.selenium.remote.RemoteWebDriver.findElementById(RemoteWebDriver.java:413)
	at org.openqa.selenium.By$ById.findElement(By.java:218)
	at org.openqa.selenium.remote.RemoteWebDriver.findElement(RemoteWebDriver.java:355)
	at org.openqa.selenium.support.pagefactory.DefaultElementLocator.findElement(DefaultElementLocator.java:69)
	at org.openqa.selenium.support.pagefactory.internal.LocatingElementHandler.invoke(LocatingElementHandler.java:38)
	at com.sun.proxy.$Proxy9.click(Unknown Source)
	at c2info_OrderBuk_UIPages.CustomerConfirmedVerificationPending.clickOnSubmitButton(CustomerConfirmedVerificationPending.java:99)
	at c2info_OrderBuk_CustConfirmedveriPendingTCs.TC_006_VerifySubmitOrderFunctionality.verifySubmitOrderFunctionality(TC_006_VerifySubmitOrderFunctionality.java:44)
... Removed 29 stack frames</pre></div><a href='#' onClick='toggleBox("stack-trace1636588948", this, "Click to show all stack frames", "Click to hide stack frames")'>Click to show all stack frames</a>
<div class='stack-trace' id='stack-trace1636588948'><pre>org.openqa.selenium.NoSuchElementException: no such element: Unable to locate element: {&quot;method&quot;:&quot;id&quot;,&quot;selector&quot;:&quot;btnsubmit&quot;}
  (Session info: chrome=68.0.3440.106)
  (Driver info: chromedriver=2.36.540470 (e522d04694c7ebea4ba8821272dbef4f9b818c91),platform=Windows NT 10.0.17134 x86_64) (WARNING: The server did not provide any stacktrace information)
Command duration or timeout: 60.01 seconds
For documentation on this error, please visit: http://seleniumhq.org/exceptions/no_such_element.html
Build info: version: &apos;2.53.1&apos;, revision: &apos;a36b8b1cd5757287168e54b817830adce9b0158d&apos;, time: &apos;2016-06-30 19:26:09&apos;
System info: host: &apos;ChethanBidare-pc&apos;, ip: &apos;172.16.18.217&apos;, os.name: &apos;Windows 10&apos;, os.arch: &apos;amd64&apos;, os.version: &apos;10.0&apos;, java.version: &apos;1.8.0_144&apos;
Driver info: org.openqa.selenium.chrome.ChromeDriver
Capabilities [{applicationCacheEnabled=false, rotatable=false, mobileEmulationEnabled=false, networkConnectionEnabled=false, chrome={chromedriverVersion=2.36.540470 (e522d04694c7ebea4ba8821272dbef4f9b818c91), userDataDir=C:\Users\User1\AppData\Local\Temp\scoped_dir11616_10927}, takesHeapSnapshot=true, pageLoadStrategy=normal, databaseEnabled=false, handlesAlerts=true, hasTouchScreen=false, version=68.0.3440.106, platform=XP, browserConnectionEnabled=false, nativeEvents=true, acceptSslCerts=false, acceptInsecureCerts=false, locationContextEnabled=true, webStorageEnabled=true, browserName=chrome, takesScreenshot=true, javascriptEnabled=true, cssSelectorsEnabled=true, setWindowRect=true, unexpectedAlertBehaviour=}]
Session ID: 1cf7ad0cc82175d5bceec7e24de56369
*** Element info: {Using=id, value=btnsubmit}
	at sun.reflect.NativeConstructorAccessorImpl.newInstance0(Native Method)
	at sun.reflect.NativeConstructorAccessorImpl.newInstance(NativeConstructorAccessorImpl.java:62)
	at sun.reflect.DelegatingConstructorAccessorImpl.newInstance(DelegatingConstructorAccessorImpl.java:45)
	at java.lang.reflect.Constructor.newInstance(Constructor.java:423)
	at org.openqa.selenium.remote.ErrorHandler.createThrowable(ErrorHandler.java:206)
	at org.openqa.selenium.remote.ErrorHandler.throwIfResponseFailed(ErrorHandler.java:158)
	at org.openqa.selenium.remote.RemoteWebDriver.execute(RemoteWebDriver.java:678)
	at org.openqa.selenium.remote.RemoteWebDriver.findElement(RemoteWebDriver.java:363)
	at org.openqa.selenium.remote.RemoteWebDriver.findElementById(RemoteWebDriver.java:413)
	at org.openqa.selenium.By$ById.findElement(By.java:218)
	at org.openqa.selenium.remote.RemoteWebDriver.findElement(RemoteWebDriver.java:355)
	at org.openqa.selenium.support.pagefactory.DefaultElementLocator.findElement(DefaultElementLocator.java:69)
	at org.openqa.selenium.support.pagefactory.internal.LocatingElementHandler.invoke(LocatingElementHandler.java:38)
	at com.sun.proxy.$Proxy9.click(Unknown Source)
	at c2info_OrderBuk_UIPages.CustomerConfirmedVerificationPending.clickOnSubmitButton(CustomerConfirmedVerificationPending.java:99)
	at c2info_OrderBuk_CustConfirmedveriPendingTCs.TC_006_VerifySubmitOrderFunctionality.verifySubmitOrderFunctionality(TC_006_VerifySubmitOrderFunctionality.java:44)
	at sun.reflect.NativeMethodAccessorImpl.invoke0(Native Method)
	at sun.reflect.NativeMethodAccessorImpl.invoke(NativeMethodAccessorImpl.java:62)
	at sun.reflect.DelegatingMethodAccessorImpl.invoke(DelegatingMethodAccessorImpl.java:43)
	at java.lang.reflect.Method.invoke(Method.java:498)
	at org.testng.internal.MethodInvocationHelper.invokeMethod(MethodInvocationHelper.java:124)
	at org.testng.internal.Invoker.invokeMethod(Invoker.java:583)
	at org.testng.internal.Invoker.invokeTestMethod(Invoker.java:719)
	at org.testng.internal.Invoker.invokeTestMethods(Invoker.java:989)
	at org.testng.internal.TestMethodWorker.invokeTestMethods(TestMethodWorker.java:125)
	at org.testng.internal.TestMethodWorker.run(TestMethodWorker.java:109)
	at org.testng.TestRunner.privateRun(TestRunner.java:648)
	at org.testng.TestRunner.run(TestRunner.java:505)
	at org.testng.SuiteRunner.runTest(SuiteRunner.java:455)
	at org.testng.SuiteRunner.runSequentially(SuiteRunner.java:450)
	at org.testng.SuiteRunner.privateRun(SuiteRunner.java:415)
	at org.testng.SuiteRunner.run(SuiteRunner.java:364)
	at org.testng.SuiteRunnerWorker.runSuite(SuiteRunnerWorker.java:52)
	at org.testng.SuiteRunnerWorker.run(SuiteRunnerWorker.java:84)
	at org.testng.TestNG.runSuitesSequentially(TestNG.java:1208)
	at org.testng.TestNG.runSuitesLocally(TestNG.java:1137)
	at org.testng.TestNG.runSuites(TestNG.java:1049)
	at org.testng.TestNG.run(TestNG.java:1017)
	at org.testng.remote.AbstractRemoteTestNG.run(AbstractRemoteTestNG.java:114)
	at org.testng.remote.RemoteTestNG.initAndRun(RemoteTestNG.java:251)
	at org.testng.remote.RemoteTestNG.main(RemoteTestNG.java:77)
</pre></div></td>
<td>201</td>
<td>c2info_OrderBuk_CustConfirmedveriPendingTCs.TC_006_VerifySubmitOrderFunctionality@3745e5c6</td></tr>
<tr>
<td title='c2info_OrderBuk_DashboardTCs.TC_004_Verify_UserName.verifyUserName()'><b>verifyUserName</b><br>Test class: c2info_OrderBuk_DashboardTCs.TC_004_Verify_UserName<br/>
<a href="#Output-1348916831" onClick='toggleBox("Output-1348916831", this, "Show output", "Hide output");'>Show output</a>

<a href="#Output-1348916831" onClick="toggleAllBoxes();">Show all outputs</a>
<div class='log' id="Output-1348916831">
<a href='E:\workspace\c2info_OrderBuk\src\main\java\c2info_OrderBuk_ScreenShots\Failure\verifyUserName_2018_09_246_10_09_968.png' ><img src = 'E:\workspace\c2info_OrderBuk\src\main\java\c2info_OrderBuk_ScreenShots\Failure\verifyUserName_2018_09_246_10_09_968.png' hieght='100' width='100' /></a><br/>
</div>
</td>
<td><div><pre>java.lang.AssertionError: expected [e UAT00PUAT00P] but found [Welcome UAT00P]
	at c2info_OrderBuk_DashboardTCs.TC_004_Verify_UserName.verifyUserName(TC_004_Verify_UserName.java:34)
... Removed 31 stack frames</pre></div><a href='#' onClick='toggleBox("stack-trace1348916831", this, "Click to show all stack frames", "Click to hide stack frames")'>Click to show all stack frames</a>
<div class='stack-trace' id='stack-trace1348916831'><pre>java.lang.AssertionError: expected [e UAT00PUAT00P] but found [Welcome UAT00P]
	at org.testng.Assert.fail(Assert.java:96)
	at org.testng.Assert.failNotEquals(Assert.java:776)
	at org.testng.Assert.assertEqualsImpl(Assert.java:137)
	at org.testng.Assert.assertEquals(Assert.java:118)
	at org.testng.Assert.assertEquals(Assert.java:453)
	at org.testng.Assert.assertEquals(Assert.java:463)
	at c2info_OrderBuk_DashboardTCs.TC_004_Verify_UserName.verifyUserName(TC_004_Verify_UserName.java:34)
	at sun.reflect.NativeMethodAccessorImpl.invoke0(Native Method)
	at sun.reflect.NativeMethodAccessorImpl.invoke(NativeMethodAccessorImpl.java:62)
	at sun.reflect.DelegatingMethodAccessorImpl.invoke(DelegatingMethodAccessorImpl.java:43)
	at java.lang.reflect.Method.invoke(Method.java:498)
	at org.testng.internal.MethodInvocationHelper.invokeMethod(MethodInvocationHelper.java:124)
	at org.testng.internal.Invoker.invokeMethod(Invoker.java:583)
	at org.testng.internal.Invoker.invokeTestMethod(Invoker.java:719)
	at org.testng.internal.Invoker.invokeTestMethods(Invoker.java:989)
	at org.testng.internal.TestMethodWorker.invokeTestMethods(TestMethodWorker.java:125)
	at org.testng.internal.TestMethodWorker.run(TestMethodWorker.java:109)
	at org.testng.TestRunner.privateRun(TestRunner.java:648)
	at org.testng.TestRunner.run(TestRunner.java:505)
	at org.testng.SuiteRunner.runTest(SuiteRunner.java:455)
	at org.testng.SuiteRunner.runSequentially(SuiteRunner.java:450)
	at org.testng.SuiteRunner.privateRun(SuiteRunner.java:415)
	at org.testng.SuiteRunner.run(SuiteRunner.java:364)
	at org.testng.SuiteRunnerWorker.runSuite(SuiteRunnerWorker.java:52)
	at org.testng.SuiteRunnerWorker.run(SuiteRunnerWorker.java:84)
	at org.testng.TestNG.runSuitesSequentially(TestNG.java:1208)
	at org.testng.TestNG.runSuitesLocally(TestNG.java:1137)
	at org.testng.TestNG.runSuites(TestNG.java:1049)
	at org.testng.TestNG.run(TestNG.java:1017)
	at org.testng.remote.AbstractRemoteTestNG.run(AbstractRemoteTestNG.java:114)
	at org.testng.remote.RemoteTestNG.initAndRun(RemoteTestNG.java:251)
	at org.testng.remote.RemoteTestNG.main(RemoteTestNG.java:77)
</pre></div></td>
<td>11</td>
<td>c2info_OrderBuk_DashboardTCs.TC_004_Verify_UserName@f2f2cc1</td></tr>
<tr>
<td title='c2info_OrderBuk_DashboardTCs.TC_005_Verify_MenuSliderIcons.verifyVideoInMenuSlider()'><b>verifyVideoInMenuSlider</b><br>Test class: c2info_OrderBuk_DashboardTCs.TC_005_Verify_MenuSliderIcons<br/>
<a href="#Output-179294202" onClick='toggleBox("Output-179294202", this, "Show output", "Hide output");'>Show output</a>

<a href="#Output-179294202" onClick="toggleAllBoxes();">Show all outputs</a>
<div class='log' id="Output-179294202">
<a href='E:\workspace\c2info_OrderBuk\src\main\java\c2info_OrderBuk_ScreenShots\Failure\verifyVideoInMenuSlider_2018_09_246_10_09_379.png' ><img src = 'E:\workspace\c2info_OrderBuk\src\main\java\c2info_OrderBuk_ScreenShots\Failure\verifyVideoInMenuSlider_2018_09_246_10_09_379.png' hieght='100' width='100' /></a><br/>
</div>
</td>
<td><div><pre>java.lang.AssertionError: expected [Video] but found [Image Upload]
	at c2info_OrderBuk_DashboardTCs.TC_005_Verify_MenuSliderIcons.verifyVideoInMenuSlider(TC_005_Verify_MenuSliderIcons.java:71)
... Removed 31 stack frames</pre></div><a href='#' onClick='toggleBox("stack-trace179294202", this, "Click to show all stack frames", "Click to hide stack frames")'>Click to show all stack frames</a>
<div class='stack-trace' id='stack-trace179294202'><pre>java.lang.AssertionError: expected [Video] but found [Image Upload]
	at org.testng.Assert.fail(Assert.java:96)
	at org.testng.Assert.failNotEquals(Assert.java:776)
	at org.testng.Assert.assertEqualsImpl(Assert.java:137)
	at org.testng.Assert.assertEquals(Assert.java:118)
	at org.testng.Assert.assertEquals(Assert.java:453)
	at org.testng.Assert.assertEquals(Assert.java:463)
	at c2info_OrderBuk_DashboardTCs.TC_005_Verify_MenuSliderIcons.verifyVideoInMenuSlider(TC_005_Verify_MenuSliderIcons.java:71)
	at sun.reflect.NativeMethodAccessorImpl.invoke0(Native Method)
	at sun.reflect.NativeMethodAccessorImpl.invoke(NativeMethodAccessorImpl.java:62)
	at sun.reflect.DelegatingMethodAccessorImpl.invoke(DelegatingMethodAccessorImpl.java:43)
	at java.lang.reflect.Method.invoke(Method.java:498)
	at org.testng.internal.MethodInvocationHelper.invokeMethod(MethodInvocationHelper.java:124)
	at org.testng.internal.Invoker.invokeMethod(Invoker.java:583)
	at org.testng.internal.Invoker.invokeTestMethod(Invoker.java:719)
	at org.testng.internal.Invoker.invokeTestMethods(Invoker.java:989)
	at org.testng.internal.TestMethodWorker.invokeTestMethods(TestMethodWorker.java:125)
	at org.testng.internal.TestMethodWorker.run(TestMethodWorker.java:109)
	at org.testng.TestRunner.privateRun(TestRunner.java:648)
	at org.testng.TestRunner.run(TestRunner.java:505)
	at org.testng.SuiteRunner.runTest(SuiteRunner.java:455)
	at org.testng.SuiteRunner.runSequentially(SuiteRunner.java:450)
	at org.testng.SuiteRunner.privateRun(SuiteRunner.java:415)
	at org.testng.SuiteRunner.run(SuiteRunner.java:364)
	at org.testng.SuiteRunnerWorker.runSuite(SuiteRunnerWorker.java:52)
	at org.testng.SuiteRunnerWorker.run(SuiteRunnerWorker.java:84)
	at org.testng.TestNG.runSuitesSequentially(TestNG.java:1208)
	at org.testng.TestNG.runSuitesLocally(TestNG.java:1137)
	at org.testng.TestNG.runSuites(TestNG.java:1049)
	at org.testng.TestNG.run(TestNG.java:1017)
	at org.testng.remote.AbstractRemoteTestNG.run(AbstractRemoteTestNG.java:114)
	at org.testng.remote.RemoteTestNG.initAndRun(RemoteTestNG.java:251)
	at org.testng.remote.RemoteTestNG.main(RemoteTestNG.java:77)
</pre></div></td>
<td>0</td>
<td>c2info_OrderBuk_DashboardTCs.TC_005_Verify_MenuSliderIcons@3a079870</td></tr>
</table><p>
<table width='100%' border='1' class='invocation-passed'>
<tr><td colspan='4' align='center'><b>PASSED TESTS</b></td></tr>
<tr><td><b>Test method</b></td>
<td width="30%"><b>Exception</b></td>
<td width="10%"><b>Time (seconds)</b></td>
<td><b>Instance</b></td>
</tr>
<tr>
<td title='c2info_OrderBuk_ReadyForOrderTCs.TC_008_VerifyByDeselectingAllItemsAndConfirm.deselectAllitemsAndCOnfirmOrder()'><b>deselectAllitemsAndCOnfirmOrder</b><br>Test class: c2info_OrderBuk_ReadyForOrderTCs.TC_008_VerifyByDeselectingAllItemsAndConfirm<br/>
<a href="#Output-1170788511" onClick='toggleBox("Output-1170788511", this, "Show output", "Hide output");'>Show output</a>

<a href="#Output-1170788511" onClick="toggleAllBoxes();">Show all outputs</a>
<div class='log' id="Output-1170788511">
<a href='E:\workspace\c2info_OrderBuk\src\main\java\c2info_OrderBuk_ScreenShots\Success\deselectAllitemsAndCOnfirmOrder_2018_09_246_11_09_880.png' ><img src = 'E:\workspace\c2info_OrderBuk\src\main\java\c2info_OrderBuk_ScreenShots\Success\deselectAllitemsAndCOnfirmOrder_2018_09_246_11_09_880.png' hieght='100' width='100' /></a><br/>
</div>
</td>
<td></td>
<td>49</td>
<td>c2info_OrderBuk_ReadyForOrderTCs.TC_008_VerifyByDeselectingAllItemsAndConfirm@7c417213</td></tr>
<tr>
<td title='c2info_OrderBuk_LoginTest.TC_001_LoginTestWithValidData.loginWithValidData()'><b>loginWithValidData</b><br>Test class: c2info_OrderBuk_LoginTest.TC_001_LoginTestWithValidData<br/>
<a href="#Output-664186542" onClick='toggleBox("Output-664186542", this, "Show output", "Hide output");'>Show output</a>

<a href="#Output-664186542" onClick="toggleAllBoxes();">Show all outputs</a>
<div class='log' id="Output-664186542">
<a href='E:\workspace\c2info_OrderBuk\src\main\java\c2info_OrderBuk_ScreenShots\Success\loginWithValidData_2018_09_246_10_09_322.png' ><img src = 'E:\workspace\c2info_OrderBuk\src\main\java\c2info_OrderBuk_ScreenShots\Success\loginWithValidData_2018_09_246_10_09_322.png' hieght='100' width='100' /></a><br/>
</div>
</td>
<td></td>
<td>15</td>
<td>c2info_OrderBuk_LoginTest.TC_001_LoginTestWithValidData@6295d394</td></tr>
<tr>
<td title='c2info_OrderBuk_DashboardTCs.TC_001_VerifyAllBucketLinks.verifyAllBucketlinks()'><b>verifyAllBucketlinks</b><br>Test class: c2info_OrderBuk_DashboardTCs.TC_001_VerifyAllBucketLinks<br/>
<a href="#Output-589363823" onClick='toggleBox("Output-589363823", this, "Show output", "Hide output");'>Show output</a>

<a href="#Output-589363823" onClick="toggleAllBoxes();">Show all outputs</a>
<div class='log' id="Output-589363823">
<a href='E:\workspace\c2info_OrderBuk\src\main\java\c2info_OrderBuk_ScreenShots\Success\verifyAllBucketlinks_2018_09_246_10_09_74.png' ><img src = 'E:\workspace\c2info_OrderBuk\src\main\java\c2info_OrderBuk_ScreenShots\Success\verifyAllBucketlinks_2018_09_246_10_09_74.png' hieght='100' width='100' /></a><br/>
</div>
</td>
<td></td>
<td>63</td>
<td>c2info_OrderBuk_DashboardTCs.TC_001_VerifyAllBucketLinks@475e586c</td></tr>
<tr>
<td title='c2info_OrderBuk_ReadyForOrderTCs.TC_006_VerifyCancelButton.verifyCancelButtonFunctionality()'><b>verifyCancelButtonFunctionality</b><br>Test class: c2info_OrderBuk_ReadyForOrderTCs.TC_006_VerifyCancelButton<br/>
<a href="#Output-1045731788" onClick='toggleBox("Output-1045731788", this, "Show output", "Hide output");'>Show output</a>

<a href="#Output-1045731788" onClick="toggleAllBoxes();">Show all outputs</a>
<div class='log' id="Output-1045731788">
<a href='E:\workspace\c2info_OrderBuk\src\main\java\c2info_OrderBuk_ScreenShots\Success\verifyCancelButtonFunctionality_2018_09_246_11_09_842.png' ><img src = 'E:\workspace\c2info_OrderBuk\src\main\java\c2info_OrderBuk_ScreenShots\Success\verifyCancelButtonFunctionality_2018_09_246_11_09_842.png' hieght='100' width='100' /></a><br/>
</div>
</td>
<td></td>
<td>27</td>
<td>c2info_OrderBuk_ReadyForOrderTCs.TC_006_VerifyCancelButton@5db45159</td></tr>
<tr>
<td title='c2info_OrderBuk_CustConfirmedveriPendingTCs.TC_005_VerifyInvalidOrderFunctionality.verifyCancelButtonFunctionality()'><b>verifyCancelButtonFunctionality</b><br>Test class: c2info_OrderBuk_CustConfirmedveriPendingTCs.TC_005_VerifyInvalidOrderFunctionality<br/>
<a href="#Output-1724814719" onClick='toggleBox("Output-1724814719", this, "Show output", "Hide output");'>Show output</a>

<a href="#Output-1724814719" onClick="toggleAllBoxes();">Show all outputs</a>
<div class='log' id="Output-1724814719">
<a href='E:\workspace\c2info_OrderBuk\src\main\java\c2info_OrderBuk_ScreenShots\Success\verifyCancelButtonFunctionality_2018_09_246_11_09_463.png' ><img src = 'E:\workspace\c2info_OrderBuk\src\main\java\c2info_OrderBuk_ScreenShots\Success\verifyCancelButtonFunctionality_2018_09_246_11_09_463.png' hieght='100' width='100' /></a><br/>
</div>
</td>
<td></td>
<td>53</td>
<td>c2info_OrderBuk_CustConfirmedveriPendingTCs.TC_005_VerifyInvalidOrderFunctionality@60611244</td></tr>
<tr>
<td title='c2info_OrderBuk_ReadyForOrderTCs.TC_005_VerifyConfirmBtn.verifyConfirmButtonFunctionality()'><b>verifyConfirmButtonFunctionality</b><br>Test class: c2info_OrderBuk_ReadyForOrderTCs.TC_005_VerifyConfirmBtn<br/>
<a href="#Output-576894497" onClick='toggleBox("Output-576894497", this, "Show output", "Hide output");'>Show output</a>

<a href="#Output-576894497" onClick="toggleAllBoxes();">Show all outputs</a>
<div class='log' id="Output-576894497">
<a href='E:\workspace\c2info_OrderBuk\src\main\java\c2info_OrderBuk_ScreenShots\Success\verifyConfirmButtonFunctionality_2018_09_246_11_09_682.png' ><img src = 'E:\workspace\c2info_OrderBuk\src\main\java\c2info_OrderBuk_ScreenShots\Success\verifyConfirmButtonFunctionality_2018_09_246_11_09_682.png' hieght='100' width='100' /></a><br/>
</div>
</td>
<td></td>
<td>31</td>
<td>c2info_OrderBuk_ReadyForOrderTCs.TC_005_VerifyConfirmBtn@2b6856dd</td></tr>
<tr>
<td title='c2info_OrderBuk_ReadyForOrderTCs.TC_002_VerifyDetailsExistence.verifyCustomerNameIsNotNull()'><b>verifyCustomerNameIsNotNull</b><br>Test class: c2info_OrderBuk_ReadyForOrderTCs.TC_002_VerifyDetailsExistence<br/>
<a href="#Output-57624756" onClick='toggleBox("Output-57624756", this, "Show output", "Hide output");'>Show output</a>

<a href="#Output-57624756" onClick="toggleAllBoxes();">Show all outputs</a>
<div class='log' id="Output-57624756">
<a href='E:\workspace\c2info_OrderBuk\src\main\java\c2info_OrderBuk_ScreenShots\Success\verifyCustomerNameIsNotNull_2018_09_246_10_09_788.png' ><img src = 'E:\workspace\c2info_OrderBuk\src\main\java\c2info_OrderBuk_ScreenShots\Success\verifyCustomerNameIsNotNull_2018_09_246_10_09_788.png' hieght='100' width='100' /></a><br/>
</div>
</td>
<td></td>
<td>0</td>
<td>c2info_OrderBuk_ReadyForOrderTCs.TC_002_VerifyDetailsExistence@13acb0d1</td></tr>
<tr>
<td title='c2info_OrderBuk_CustConfirmedveriPendingTCs.TC_004_VerifyCustomerDetailsExistence.verifyCustomerNameIsNotNull()'><b>verifyCustomerNameIsNotNull</b><br>Test class: c2info_OrderBuk_CustConfirmedveriPendingTCs.TC_004_VerifyCustomerDetailsExistence<br/>
<a href="#Output-1372422140" onClick='toggleBox("Output-1372422140", this, "Show output", "Hide output");'>Show output</a>

<a href="#Output-1372422140" onClick="toggleAllBoxes();">Show all outputs</a>
<div class='log' id="Output-1372422140">
<a href='E:\workspace\c2info_OrderBuk\src\main\java\c2info_OrderBuk_ScreenShots\Success\verifyCustomerNameIsNotNull_2018_09_246_11_09_239.png' ><img src = 'E:\workspace\c2info_OrderBuk\src\main\java\c2info_OrderBuk_ScreenShots\Success\verifyCustomerNameIsNotNull_2018_09_246_11_09_239.png' hieght='100' width='100' /></a><br/>
</div>
</td>
<td></td>
<td>0</td>
<td>c2info_OrderBuk_CustConfirmedveriPendingTCs.TC_004_VerifyCustomerDetailsExistence@45dd4eda</td></tr>
<tr>
<td title='c2info_OrderBuk_ReadyForOrderTCs.TC_002_VerifyDetailsExistence.verifyCustomerNumberIsNotNull()'><b>verifyCustomerNumberIsNotNull</b><br>Test class: c2info_OrderBuk_ReadyForOrderTCs.TC_002_VerifyDetailsExistence<br/>
<a href="#Output-464872674" onClick='toggleBox("Output-464872674", this, "Show output", "Hide output");'>Show output</a>

<a href="#Output-464872674" onClick="toggleAllBoxes();">Show all outputs</a>
<div class='log' id="Output-464872674">
<a href='E:\workspace\c2info_OrderBuk\src\main\java\c2info_OrderBuk_ScreenShots\Success\verifyCustomerNumberIsNotNull_2018_09_246_10_09_142.png' ><img src = 'E:\workspace\c2info_OrderBuk\src\main\java\c2info_OrderBuk_ScreenShots\Success\verifyCustomerNumberIsNotNull_2018_09_246_10_09_142.png' hieght='100' width='100' /></a><br/>
</div>
</td>
<td></td>
<td>0</td>
<td>c2info_OrderBuk_ReadyForOrderTCs.TC_002_VerifyDetailsExistence@13acb0d1</td></tr>
<tr>
<td title='c2info_OrderBuk_CustConfirmedveriPendingTCs.TC_004_VerifyCustomerDetailsExistence.verifyCustomerNumberIsNotNull()'><b>verifyCustomerNumberIsNotNull</b><br>Test class: c2info_OrderBuk_CustConfirmedveriPendingTCs.TC_004_VerifyCustomerDetailsExistence<br/>
<a href="#Output-1089584667" onClick='toggleBox("Output-1089584667", this, "Show output", "Hide output");'>Show output</a>

<a href="#Output-1089584667" onClick="toggleAllBoxes();">Show all outputs</a>
<div class='log' id="Output-1089584667">
<a href='E:\workspace\c2info_OrderBuk\src\main\java\c2info_OrderBuk_ScreenShots\Success\verifyCustomerNumberIsNotNull_2018_09_246_11_09_783.png' ><img src = 'E:\workspace\c2info_OrderBuk\src\main\java\c2info_OrderBuk_ScreenShots\Success\verifyCustomerNumberIsNotNull_2018_09_246_11_09_783.png' hieght='100' width='100' /></a><br/>
</div>
</td>
<td></td>
<td>0</td>
<td>c2info_OrderBuk_CustConfirmedveriPendingTCs.TC_004_VerifyCustomerDetailsExistence@45dd4eda</td></tr>
<tr>
<td title='c2info_OrderBuk_DashboardTCs.TC_005_Verify_MenuSliderIcons.verifyDashboardLinkInMenuSlider()'><b>verifyDashboardLinkInMenuSlider</b><br>Test class: c2info_OrderBuk_DashboardTCs.TC_005_Verify_MenuSliderIcons<br/>
<a href="#Output-1003755748" onClick='toggleBox("Output-1003755748", this, "Show output", "Hide output");'>Show output</a>

<a href="#Output-1003755748" onClick="toggleAllBoxes();">Show all outputs</a>
<div class='log' id="Output-1003755748">
<a href='E:\workspace\c2info_OrderBuk\src\main\java\c2info_OrderBuk_ScreenShots\Success\verifyDashboardLinkInMenuSlider_2018_09_246_10_09_86.png' ><img src = 'E:\workspace\c2info_OrderBuk\src\main\java\c2info_OrderBuk_ScreenShots\Success\verifyDashboardLinkInMenuSlider_2018_09_246_10_09_86.png' hieght='100' width='100' /></a><br/>
</div>
</td>
<td></td>
<td>11</td>
<td>c2info_OrderBuk_DashboardTCs.TC_005_Verify_MenuSliderIcons@3a079870</td></tr>
<tr>
<td title='c2info_OrderBuk_CustConfirmedveriPendingTCs.TC_001_VerifyImageExistance.verifyImageInDigitizePage()'><b>verifyImageInDigitizePage</b><br>Test class: c2info_OrderBuk_CustConfirmedveriPendingTCs.TC_001_VerifyImageExistance<br/>
<a href="#Output-246003654" onClick='toggleBox("Output-246003654", this, "Show output", "Hide output");'>Show output</a>

<a href="#Output-246003654" onClick="toggleAllBoxes();">Show all outputs</a>
<div class='log' id="Output-246003654">
<a href='E:\workspace\c2info_OrderBuk\src\main\java\c2info_OrderBuk_ScreenShots\Success\verifyImageInDigitizePage_2018_09_246_11_09_965.png' ><img src = 'E:\workspace\c2info_OrderBuk\src\main\java\c2info_OrderBuk_ScreenShots\Success\verifyImageInDigitizePage_2018_09_246_11_09_965.png' hieght='100' width='100' /></a><br/>
</div>
</td>
<td></td>
<td>7</td>
<td>c2info_OrderBuk_CustConfirmedveriPendingTCs.TC_001_VerifyImageExistance@15761df8</td></tr>
<tr>
<td title='c2info_OrderBuk_ToBeVerifiedTCs.TC_002_VerifyImageExistance.verifyImageInPrescriptionPage()'><b>verifyImageInPrescriptionPage</b><br>Test class: c2info_OrderBuk_ToBeVerifiedTCs.TC_002_VerifyImageExistance<br/>
<a href="#Output-1060703587" onClick='toggleBox("Output-1060703587", this, "Show output", "Hide output");'>Show output</a>

<a href="#Output-1060703587" onClick="toggleAllBoxes();">Show all outputs</a>
<div class='log' id="Output-1060703587">
<a href='E:\workspace\c2info_OrderBuk\src\main\java\c2info_OrderBuk_ScreenShots\Success\verifyImageInPrescriptionPage_2018_09_246_10_09_735.png' ><img src = 'E:\workspace\c2info_OrderBuk\src\main\java\c2info_OrderBuk_ScreenShots\Success\verifyImageInPrescriptionPage_2018_09_246_10_09_735.png' hieght='100' width='100' /></a><br/>
</div>
</td>
<td></td>
<td>18</td>
<td>c2info_OrderBuk_ToBeVerifiedTCs.TC_002_VerifyImageExistance@2aa5fe93</td></tr>
<tr>
<td title='c2info_OrderBuk_CustConfirmedveriPendingTCs.TC_001_VerifyImageExistance.verifyImageInPrescriptionPage()'><b>verifyImageInPrescriptionPage</b><br>Test class: c2info_OrderBuk_CustConfirmedveriPendingTCs.TC_001_VerifyImageExistance<br/>
<a href="#Output-1919834117" onClick='toggleBox("Output-1919834117", this, "Show output", "Hide output");'>Show output</a>

<a href="#Output-1919834117" onClick="toggleAllBoxes();">Show all outputs</a>
<div class='log' id="Output-1919834117">
<a href='E:\workspace\c2info_OrderBuk\src\main\java\c2info_OrderBuk_ScreenShots\Success\verifyImageInPrescriptionPage_2018_09_246_11_09_665.png' ><img src = 'E:\workspace\c2info_OrderBuk\src\main\java\c2info_OrderBuk_ScreenShots\Success\verifyImageInPrescriptionPage_2018_09_246_11_09_665.png' hieght='100' width='100' /></a><br/>
</div>
</td>
<td></td>
<td>16</td>
<td>c2info_OrderBuk_CustConfirmedveriPendingTCs.TC_001_VerifyImageExistance@15761df8</td></tr>
<tr>
<td title='c2info_OrderBuk_DashboardTCs.TC_005_Verify_MenuSliderIcons.verifyImageUploadInMenuSlider()'><b>verifyImageUploadInMenuSlider</b><br>Test class: c2info_OrderBuk_DashboardTCs.TC_005_Verify_MenuSliderIcons<br/>
<a href="#Output-2101527076" onClick='toggleBox("Output-2101527076", this, "Show output", "Hide output");'>Show output</a>

<a href="#Output-2101527076" onClick="toggleAllBoxes();">Show all outputs</a>
<div class='log' id="Output-2101527076">
<a href='E:\workspace\c2info_OrderBuk\src\main\java\c2info_OrderBuk_ScreenShots\Success\verifyImageUploadInMenuSlider_2018_09_246_10_09_158.png' ><img src = 'E:\workspace\c2info_OrderBuk\src\main\java\c2info_OrderBuk_ScreenShots\Success\verifyImageUploadInMenuSlider_2018_09_246_10_09_158.png' hieght='100' width='100' /></a><br/>
</div>
</td>
<td></td>
<td>0</td>
<td>c2info_OrderBuk_DashboardTCs.TC_005_Verify_MenuSliderIcons@3a079870</td></tr>
<tr>
<td title='c2info_OrderBuk_ToBeVerifiedTCs.TC_004_VerifyInvalidButton.verifyInvalidButton()'><b>verifyInvalidButton</b><br>Test class: c2info_OrderBuk_ToBeVerifiedTCs.TC_004_VerifyInvalidButton<br/>
<a href="#Output-94919826" onClick='toggleBox("Output-94919826", this, "Show output", "Hide output");'>Show output</a>

<a href="#Output-94919826" onClick="toggleAllBoxes();">Show all outputs</a>
<div class='log' id="Output-94919826">
<a href='E:\workspace\c2info_OrderBuk\src\main\java\c2info_OrderBuk_ScreenShots\Success\verifyInvalidButton_2018_09_246_10_09_786.png' ><img src = 'E:\workspace\c2info_OrderBuk\src\main\java\c2info_OrderBuk_ScreenShots\Success\verifyInvalidButton_2018_09_246_10_09_786.png' hieght='100' width='100' /></a><br/>
</div>
</td>
<td></td>
<td>14</td>
<td>c2info_OrderBuk_ToBeVerifiedTCs.TC_004_VerifyInvalidButton@5ad851c9</td></tr>
<tr>
<td title='c2info_OrderBuk_CustConfirmedveriPendingTCs.TC_003_VerifyInvalidButton.verifyInvalidButton()'><b>verifyInvalidButton</b><br>Test class: c2info_OrderBuk_CustConfirmedveriPendingTCs.TC_003_VerifyInvalidButton<br/>
<a href="#Output-1205559205" onClick='toggleBox("Output-1205559205", this, "Show output", "Hide output");'>Show output</a>

<a href="#Output-1205559205" onClick="toggleAllBoxes();">Show all outputs</a>
<div class='log' id="Output-1205559205">
<a href='E:\workspace\c2info_OrderBuk\src\main\java\c2info_OrderBuk_ScreenShots\Success\verifyInvalidButton_2018_09_246_11_09_107.png' ><img src = 'E:\workspace\c2info_OrderBuk\src\main\java\c2info_OrderBuk_ScreenShots\Success\verifyInvalidButton_2018_09_246_11_09_107.png' hieght='100' width='100' /></a><br/>
</div>
</td>
<td></td>
<td>13</td>
<td>c2info_OrderBuk_CustConfirmedveriPendingTCs.TC_003_VerifyInvalidButton@327b636c</td></tr>
<tr>
<td title='c2info_OrderBuk_ToBeVerifiedTCs.TC_001_VerifyInvalidOrder.verifyInvalidOrder()'><b>verifyInvalidOrder</b><br>Test class: c2info_OrderBuk_ToBeVerifiedTCs.TC_001_VerifyInvalidOrder<br/>
<a href="#Output-415565467" onClick='toggleBox("Output-415565467", this, "Show output", "Hide output");'>Show output</a>

<a href="#Output-415565467" onClick="toggleAllBoxes();">Show all outputs</a>
<div class='log' id="Output-415565467">
<a href='E:\workspace\c2info_OrderBuk\src\main\java\c2info_OrderBuk_ScreenShots\Success\verifyInvalidOrder_2018_09_246_10_09_710.png' ><img src = 'E:\workspace\c2info_OrderBuk\src\main\java\c2info_OrderBuk_ScreenShots\Success\verifyInvalidOrder_2018_09_246_10_09_710.png' hieght='100' width='100' /></a><br/>
</div>
</td>
<td></td>
<td>19</td>
<td>c2info_OrderBuk_ToBeVerifiedTCs.TC_001_VerifyInvalidOrder@3b2cf7ab</td></tr>
<tr>
<td title='c2info_OrderBuk_ReadyForOrderTCs.TC_001_VerifyItemsAddedFromTBV.verifyItemsAddedInTBV()'><b>verifyItemsAddedInTBV</b><br>Test class: c2info_OrderBuk_ReadyForOrderTCs.TC_001_VerifyItemsAddedFromTBV<br/>
<a href="#Output-1099552523" onClick='toggleBox("Output-1099552523", this, "Show output", "Hide output");'>Show output</a>

<a href="#Output-1099552523" onClick="toggleAllBoxes();">Show all outputs</a>
<div class='log' id="Output-1099552523">
<a href='E:\workspace\c2info_OrderBuk\src\main\java\c2info_OrderBuk_ScreenShots\Success\verifyItemsAddedInTBV_2018_09_246_10_09_982.png' ><img src = 'E:\workspace\c2info_OrderBuk\src\main\java\c2info_OrderBuk_ScreenShots\Success\verifyItemsAddedInTBV_2018_09_246_10_09_982.png' hieght='100' width='100' /></a><br/>
</div>
</td>
<td></td>
<td>124</td>
<td>c2info_OrderBuk_ReadyForOrderTCs.TC_001_VerifyItemsAddedFromTBV@b62fe6d</td></tr>
<tr>
<td title='c2info_OrderBuk_DashboardTCs.TC_003_VerifyLogOut.verifyLogoutInDashboard()'><b>verifyLogoutInDashboard</b><br>Test class: c2info_OrderBuk_DashboardTCs.TC_003_VerifyLogOut<br/>
<a href="#Output-2138005960" onClick='toggleBox("Output-2138005960", this, "Show output", "Hide output");'>Show output</a>

<a href="#Output-2138005960" onClick="toggleAllBoxes();">Show all outputs</a>
<div class='log' id="Output-2138005960">
<a href='E:\workspace\c2info_OrderBuk\src\main\java\c2info_OrderBuk_ScreenShots\Success\verifyLogoutInDashboard_2018_09_246_10_09_420.png' ><img src = 'E:\workspace\c2info_OrderBuk\src\main\java\c2info_OrderBuk_ScreenShots\Success\verifyLogoutInDashboard_2018_09_246_10_09_420.png' hieght='100' width='100' /></a><br/>
</div>
</td>
<td></td>
<td>72</td>
<td>c2info_OrderBuk_DashboardTCs.TC_003_VerifyLogOut@436a4e4b</td></tr>
<tr>
<td title='c2info_OrderBuk_DashboardTCs.TC_005_Verify_MenuSliderIcons.verifyManageCustomersLinkInMenuSlider()'><b>verifyManageCustomersLinkInMenuSlider</b><br>Test class: c2info_OrderBuk_DashboardTCs.TC_005_Verify_MenuSliderIcons<br/>
<a href="#Output-243575009" onClick='toggleBox("Output-243575009", this, "Show output", "Hide output");'>Show output</a>

<a href="#Output-243575009" onClick="toggleAllBoxes();">Show all outputs</a>
<div class='log' id="Output-243575009">
<a href='E:\workspace\c2info_OrderBuk\src\main\java\c2info_OrderBuk_ScreenShots\Success\verifyManageCustomersLinkInMenuSlider_2018_09_246_10_09_846.png' ><img src = 'E:\workspace\c2info_OrderBuk\src\main\java\c2info_OrderBuk_ScreenShots\Success\verifyManageCustomersLinkInMenuSlider_2018_09_246_10_09_846.png' hieght='100' width='100' /></a><br/>
</div>
</td>
<td></td>
<td>0</td>
<td>c2info_OrderBuk_DashboardTCs.TC_005_Verify_MenuSliderIcons@3a079870</td></tr>
<tr>
<td title='c2info_OrderBuk_DashboardTCs.TC_005_Verify_MenuSliderIcons.verifyManageUsersLinkInMenuSlider()'><b>verifyManageUsersLinkInMenuSlider</b><br>Test class: c2info_OrderBuk_DashboardTCs.TC_005_Verify_MenuSliderIcons<br/>
<a href="#Output-778162712" onClick='toggleBox("Output-778162712", this, "Show output", "Hide output");'>Show output</a>

<a href="#Output-778162712" onClick="toggleAllBoxes();">Show all outputs</a>
<div class='log' id="Output-778162712">
<a href='E:\workspace\c2info_OrderBuk\src\main\java\c2info_OrderBuk_ScreenShots\Success\verifyManageUsersLinkInMenuSlider_2018_09_246_10_09_560.png' ><img src = 'E:\workspace\c2info_OrderBuk\src\main\java\c2info_OrderBuk_ScreenShots\Success\verifyManageUsersLinkInMenuSlider_2018_09_246_10_09_560.png' hieght='100' width='100' /></a><br/>
</div>
</td>
<td></td>
<td>1</td>
<td>c2info_OrderBuk_DashboardTCs.TC_005_Verify_MenuSliderIcons@3a079870</td></tr>
<tr>
<td title='c2info_OrderBuk_CustConfirmedveriPendingTCs.TC_008_VerifyNewItemRequestFunctionality.verifyNewItemRequest()'><b>verifyNewItemRequest</b><br>Test class: c2info_OrderBuk_CustConfirmedveriPendingTCs.TC_008_VerifyNewItemRequestFunctionality<br/>
<a href="#Output-1697281847" onClick='toggleBox("Output-1697281847", this, "Show output", "Hide output");'>Show output</a>

<a href="#Output-1697281847" onClick="toggleAllBoxes();">Show all outputs</a>
<div class='log' id="Output-1697281847">
<a href='E:\workspace\c2info_OrderBuk\src\main\java\c2info_OrderBuk_ScreenShots\Success\verifyNewItemRequest_2018_09_246_11_09_754.png' ><img src = 'E:\workspace\c2info_OrderBuk\src\main\java\c2info_OrderBuk_ScreenShots\Success\verifyNewItemRequest_2018_09_246_11_09_754.png' hieght='100' width='100' /></a><br/>
</div>
</td>
<td></td>
<td>39</td>
<td>c2info_OrderBuk_CustConfirmedveriPendingTCs.TC_008_VerifyNewItemRequestFunctionality@71c8becc</td></tr>
<tr>
<td title='c2info_OrderBuk_ReadyForOrderTCs.TC_002_VerifyDetailsExistence.verifyOrderIDIsNotNull()'><b>verifyOrderIDIsNotNull</b><br>Test class: c2info_OrderBuk_ReadyForOrderTCs.TC_002_VerifyDetailsExistence<br/>
<a href="#Output-1756819670" onClick='toggleBox("Output-1756819670", this, "Show output", "Hide output");'>Show output</a>

<a href="#Output-1756819670" onClick="toggleAllBoxes();">Show all outputs</a>
<div class='log' id="Output-1756819670">
<a href='E:\workspace\c2info_OrderBuk\src\main\java\c2info_OrderBuk_ScreenShots\Success\verifyOrderIDIsNotNull_2018_09_246_10_09_438.png' ><img src = 'E:\workspace\c2info_OrderBuk\src\main\java\c2info_OrderBuk_ScreenShots\Success\verifyOrderIDIsNotNull_2018_09_246_10_09_438.png' hieght='100' width='100' /></a><br/>
</div>
</td>
<td></td>
<td>11</td>
<td>c2info_OrderBuk_ReadyForOrderTCs.TC_002_VerifyDetailsExistence@13acb0d1</td></tr>
<tr>
<td title='c2info_OrderBuk_CustConfirmedveriPendingTCs.TC_004_VerifyCustomerDetailsExistence.verifyOrderIDIsNotNull()'><b>verifyOrderIDIsNotNull</b><br>Test class: c2info_OrderBuk_CustConfirmedveriPendingTCs.TC_004_VerifyCustomerDetailsExistence<br/>
<a href="#Output-1552400354" onClick='toggleBox("Output-1552400354", this, "Show output", "Hide output");'>Show output</a>

<a href="#Output-1552400354" onClick="toggleAllBoxes();">Show all outputs</a>
<div class='log' id="Output-1552400354">
<a href='E:\workspace\c2info_OrderBuk\src\main\java\c2info_OrderBuk_ScreenShots\Success\verifyOrderIDIsNotNull_2018_09_246_11_09_664.png' ><img src = 'E:\workspace\c2info_OrderBuk\src\main\java\c2info_OrderBuk_ScreenShots\Success\verifyOrderIDIsNotNull_2018_09_246_11_09_664.png' hieght='100' width='100' /></a><br/>
</div>
</td>
<td></td>
<td>20</td>
<td>c2info_OrderBuk_CustConfirmedveriPendingTCs.TC_004_VerifyCustomerDetailsExistence@45dd4eda</td></tr>
<tr>
<td title='c2info_OrderBuk_CustConfirmedveriPendingTCs.TC_004_VerifyCustomerDetailsExistence.verifyShippingAddressIsNotNull()'><b>verifyShippingAddressIsNotNull</b><br>Test class: c2info_OrderBuk_CustConfirmedveriPendingTCs.TC_004_VerifyCustomerDetailsExistence<br/>
<a href="#Output-348132918" onClick='toggleBox("Output-348132918", this, "Show output", "Hide output");'>Show output</a>

<a href="#Output-348132918" onClick="toggleAllBoxes();">Show all outputs</a>
<div class='log' id="Output-348132918">
<a href='E:\workspace\c2info_OrderBuk\src\main\java\c2info_OrderBuk_ScreenShots\Success\verifyShippingAddressIsNotNull_2018_09_246_11_09_312.png' ><img src = 'E:\workspace\c2info_OrderBuk\src\main\java\c2info_OrderBuk_ScreenShots\Success\verifyShippingAddressIsNotNull_2018_09_246_11_09_312.png' hieght='100' width='100' /></a><br/>
</div>
</td>
<td></td>
<td>0</td>
<td>c2info_OrderBuk_CustConfirmedveriPendingTCs.TC_004_VerifyCustomerDetailsExistence@45dd4eda</td></tr>
<tr>
<td title='c2info_OrderBuk_ToBeVerifiedTCs.TC_005_VerifySubmitButtonInDigitizePage.verifySubmitButtonFunctionality()'><b>verifySubmitButtonFunctionality</b><br>Test class: c2info_OrderBuk_ToBeVerifiedTCs.TC_005_VerifySubmitButtonInDigitizePage<br/>
<a href="#Output-334593716" onClick='toggleBox("Output-334593716", this, "Show output", "Hide output");'>Show output</a>

<a href="#Output-334593716" onClick="toggleAllBoxes();">Show all outputs</a>
<div class='log' id="Output-334593716">
<a href='E:\workspace\c2info_OrderBuk\src\main\java\c2info_OrderBuk_ScreenShots\Success\verifySubmitButtonFunctionality_2018_09_246_10_09_333.png' ><img src = 'E:\workspace\c2info_OrderBuk\src\main\java\c2info_OrderBuk_ScreenShots\Success\verifySubmitButtonFunctionality_2018_09_246_10_09_333.png' hieght='100' width='100' /></a><br/>
</div>
</td>
<td></td>
<td>47</td>
<td>c2info_OrderBuk_ToBeVerifiedTCs.TC_005_VerifySubmitButtonInDigitizePage@6156496</td></tr>
<tr>
<td title='c2info_OrderBuk_CustConfirmedveriPendingTCs.TC_007_VerifySubmitByAddingItems.verifySubmitOrderFunctionality()'><b>verifySubmitOrderFunctionality</b><br>Test class: c2info_OrderBuk_CustConfirmedveriPendingTCs.TC_007_VerifySubmitByAddingItems<br/>
<a href="#Output-1628551735" onClick='toggleBox("Output-1628551735", this, "Show output", "Hide output");'>Show output</a>

<a href="#Output-1628551735" onClick="toggleAllBoxes();">Show all outputs</a>
<div class='log' id="Output-1628551735">
<a href='E:\workspace\c2info_OrderBuk\src\main\java\c2info_OrderBuk_ScreenShots\Success\verifySubmitOrderFunctionality_2018_09_246_11_09_464.png' ><img src = 'E:\workspace\c2info_OrderBuk\src\main\java\c2info_OrderBuk_ScreenShots\Success\verifySubmitOrderFunctionality_2018_09_246_11_09_464.png' hieght='100' width='100' /></a><br/>
</div>
</td>
<td></td>
<td>141</td>
<td>c2info_OrderBuk_CustConfirmedveriPendingTCs.TC_007_VerifySubmitByAddingItems@5e4c8041</td></tr>
<tr>
<td title='c2info_OrderBuk_ToBeVerifiedTCs.TC_003_VerifyValidButton.verifyValidButtonInPrescriptionPage()'><b>verifyValidButtonInPrescriptionPage</b><br>Test class: c2info_OrderBuk_ToBeVerifiedTCs.TC_003_VerifyValidButton<br/>
<a href="#Output-1894758168" onClick='toggleBox("Output-1894758168", this, "Show output", "Hide output");'>Show output</a>

<a href="#Output-1894758168" onClick="toggleAllBoxes();">Show all outputs</a>
<div class='log' id="Output-1894758168">
<a href='E:\workspace\c2info_OrderBuk\src\main\java\c2info_OrderBuk_ScreenShots\Success\verifyValidButtonInPrescriptionPage_2018_09_246_10_09_563.png' ><img src = 'E:\workspace\c2info_OrderBuk\src\main\java\c2info_OrderBuk_ScreenShots\Success\verifyValidButtonInPrescriptionPage_2018_09_246_10_09_563.png' hieght='100' width='100' /></a><br/>
</div>
</td>
<td></td>
<td>13</td>
<td>c2info_OrderBuk_ToBeVerifiedTCs.TC_003_VerifyValidButton@5c1a8622</td></tr>
<tr>
<td title='c2info_OrderBuk_CustConfirmedveriPendingTCs.TC_002_VerifyValidButton.verifyValidButtonInPrescriptionPage()'><b>verifyValidButtonInPrescriptionPage</b><br>Test class: c2info_OrderBuk_CustConfirmedveriPendingTCs.TC_002_VerifyValidButton<br/>
<a href="#Output-41092582" onClick='toggleBox("Output-41092582", this, "Show output", "Hide output");'>Show output</a>

<a href="#Output-41092582" onClick="toggleAllBoxes();">Show all outputs</a>
<div class='log' id="Output-41092582">
<a href='E:\workspace\c2info_OrderBuk\src\main\java\c2info_OrderBuk_ScreenShots\Success\verifyValidButtonInPrescriptionPage_2018_09_246_11_09_130.png' ><img src = 'E:\workspace\c2info_OrderBuk\src\main\java\c2info_OrderBuk_ScreenShots\Success\verifyValidButtonInPrescriptionPage_2018_09_246_11_09_130.png' hieght='100' width='100' /></a><br/>
</div>
</td>
<td></td>
<td>14</td>
<td>c2info_OrderBuk_CustConfirmedveriPendingTCs.TC_002_VerifyValidButton@6ab7a896</td></tr>
</table><p>
</body>
</html>