<?xml version="1.0" encoding="UTF-8"?>
<!-- Generated by org.testng.reporters.JUnitXMLReporter -->
<testsuite hostname="ChethanBidare-pc" ignored="0" name="Test" tests="92" failures="25" timestamp="29 Jan 2018 11:04:49 GMT" time="3398.276" errors="0">
  <testcase name="loginWithValidData" time="5.298" classname="c2info_OrderBuk_LoginTest.TC_001_LoginTestWithValidData">
    <failure type="java.lang.AssertionError" message="expected [Dashboard] but found [Login]">
      <![CDATA[java.lang.AssertionError: expected [Dashboard] but found [Login]
	at c2info_OrderBuk_LoginTest.TC_001_LoginTestWithValidData.loginWithValidData(TC_001_LoginTestWithValidData.java:29)
... Removed 31 stack frames]]>
    </failure>
  </testcase> <!-- loginWithValidData -->
  <testcase name="verifyAllBucketlinks" time="50.47" classname="c2info_OrderBuk_DashboardTCs.TC_001_VerifyAllBucketLinks"/>
  <testcase name="verifyOrderCountToBeVerified" time="17.484" classname="c2info_OrderBuk_DashboardTCs.TC_002_VerifyOrderCountInEachbucket"/>
  <testcase name="verifyLogoutInDashboard" time="70.91" classname="c2info_OrderBuk_DashboardTCs.TC_003_VerifyLogOut"/>
  <testcase name="verifyUserName" time="9.956" classname="c2info_OrderBuk_DashboardTCs.TC_004_Verify_UserName">
    <failure type="java.lang.AssertionError" message="expected [Welcome UAT00PUAT00P] but found [Welcome UAT00P]">
      <![CDATA[java.lang.AssertionError: expected [Welcome UAT00PUAT00P] but found [Welcome UAT00P]
	at c2info_OrderBuk_DashboardTCs.TC_004_Verify_UserName.verifyUserName(TC_004_Verify_UserName.java:32)
... Removed 31 stack frames]]>
    </failure>
  </testcase> <!-- verifyUserName -->
  <testcase name="verifyDashboardLinkInMenuSlider" time="6.203" classname="c2info_OrderBuk_DashboardTCs.TC_005_Verify_MenuSliderIcons"/>
  <testcase name="verifyInvalidOrder" time="15.573" classname="c2info_OrderBuk_ToBeVerifiedTCs.TC_001_VerifyInvalidOrder"/>
  <testcase name="verifyImageInPrescriptionPage" time="10.463" classname="c2info_OrderBuk_ToBeVerifiedTCs.TC_002_VerifyImageExistance"/>
  <testcase name="verifyValidButtonInPrescriptionPage" time="10.465" classname="c2info_OrderBuk_ToBeVerifiedTCs.TC_003_VerifyValidButton"/>
  <testcase name="verifyInvalidButton" time="8.911" classname="c2info_OrderBuk_ToBeVerifiedTCs.TC_004_VerifyInvalidButton"/>
  <testcase name="verifySubmitButtonFunctionality" time="39.374" classname="c2info_OrderBuk_ToBeVerifiedTCs.TC_005_VerifySubmitButtonInDigitizePage"/>
  <testcase name="VerifyOrderPushedToReadyForOrder" time="61.237" classname="c2info_OrderBuk_ToBeVerifiedTCs.TC_006_VerifyOnSubmitReadyForOrder"/>
  <testcase name="verifyDosage" time="0.0" classname="c2info_OrderBuk_ToBeVerifiedTCs.TC_007_VerifyDoseAsUnit"/>
  <testcase name="verifyItemsAddedInTBV" time="95.164" classname="c2info_OrderBuk_ReadyForOrderTCs.TC_001_VerifyItemsAddedFromTBV">
    <failure type="org.openqa.selenium.NoSuchElementException" message="no such element: Unable to locate element: {&amp;quot;method&amp;quot;:&amp;quot;id&amp;quot;,&amp;quot;selector&amp;quot;:&amp;quot;mrng4&amp;quot;}
  (Session info: chrome=63.0.3239.132)
  (Driver info: chromedriver=2.32.498550 (9dec58e66c31bcc53a9ce3c7226f0c1c5810906a),platform=Windows NT 10.0.16299 x86_64) (WARNING: The server did not provide any stacktrace information)
Command duration or timeout: 60.04 seconds
For documentation on this error, please visit: http://seleniumhq.org/exceptions/no_such_element.html
Build info: version: &amp;apos;2.53.1&amp;apos;, revision: &amp;apos;a36b8b1cd5757287168e54b817830adce9b0158d&amp;apos;, time: &amp;apos;2016-06-30 19:26:09&amp;apos;
System info: host: &amp;apos;ChethanBidare-pc&amp;apos;, ip: &amp;apos;172.16.18.225&amp;apos;, os.name: &amp;apos;Windows 10&amp;apos;, os.arch: &amp;apos;amd64&amp;apos;, os.version: &amp;apos;10.0&amp;apos;, java.version: &amp;apos;1.8.0_144&amp;apos;
Driver info: org.openqa.selenium.chrome.ChromeDriver
Capabilities [{applicationCacheEnabled=false, rotatable=false, mobileEmulationEnabled=false, networkConnectionEnabled=false, chrome={chromedriverVersion=2.32.498550 (9dec58e66c31bcc53a9ce3c7226f0c1c5810906a), userDataDir=C:\Users\User1\AppData\Local\Temp\scoped_dir5564_31695}, takesHeapSnapshot=true, pageLoadStrategy=normal, databaseEnabled=false, handlesAlerts=true, hasTouchScreen=false, version=63.0.3239.132, platform=XP, browserConnectionEnabled=false, nativeEvents=true, acceptSslCerts=true, locationContextEnabled=true, webStorageEnabled=true, browserName=chrome, takesScreenshot=true, javascriptEnabled=true, cssSelectorsEnabled=true, setWindowRect=true, unexpectedAlertBehaviour=}]
Session ID: 0996ec9d7ac44ec54cb6f1f9860f4a90
*** Element info: {Using=id, value=mrng4}">
      <![CDATA[org.openqa.selenium.NoSuchElementException: no such element: Unable to locate element: {"method":"id","selector":"mrng4"}
  (Session info: chrome=63.0.3239.132)
  (Driver info: chromedriver=2.32.498550 (9dec58e66c31bcc53a9ce3c7226f0c1c5810906a),platform=Windows NT 10.0.16299 x86_64) (WARNING: The server did not provide any stacktrace information)
Command duration or timeout: 60.04 seconds
For documentation on this error, please visit: http://seleniumhq.org/exceptions/no_such_element.html
Build info: version: '2.53.1', revision: 'a36b8b1cd5757287168e54b817830adce9b0158d', time: '2016-06-30 19:26:09'
System info: host: 'ChethanBidare-pc', ip: '172.16.18.225', os.name: 'Windows 10', os.arch: 'amd64', os.version: '10.0', java.version: '1.8.0_144'
Driver info: org.openqa.selenium.chrome.ChromeDriver
Capabilities [{applicationCacheEnabled=false, rotatable=false, mobileEmulationEnabled=false, networkConnectionEnabled=false, chrome={chromedriverVersion=2.32.498550 (9dec58e66c31bcc53a9ce3c7226f0c1c5810906a), userDataDir=C:\Users\User1\AppData\Local\Temp\scoped_dir5564_31695}, takesHeapSnapshot=true, pageLoadStrategy=normal, databaseEnabled=false, handlesAlerts=true, hasTouchScreen=false, version=63.0.3239.132, platform=XP, browserConnectionEnabled=false, nativeEvents=true, acceptSslCerts=true, locationContextEnabled=true, webStorageEnabled=true, browserName=chrome, takesScreenshot=true, javascriptEnabled=true, cssSelectorsEnabled=true, setWindowRect=true, unexpectedAlertBehaviour=}]
Session ID: 0996ec9d7ac44ec54cb6f1f9860f4a90
*** Element info: {Using=id, value=mrng4}
	at org.openqa.selenium.remote.ErrorHandler.createThrowable(ErrorHandler.java:206)
	at org.openqa.selenium.remote.ErrorHandler.throwIfResponseFailed(ErrorHandler.java:158)
	at org.openqa.selenium.remote.RemoteWebDriver.execute(RemoteWebDriver.java:678)
	at org.openqa.selenium.remote.RemoteWebDriver.findElement(RemoteWebDriver.java:363)
	at org.openqa.selenium.remote.RemoteWebDriver.findElementById(RemoteWebDriver.java:413)
	at org.openqa.selenium.By$ById.findElement(By.java:218)
	at org.openqa.selenium.remote.RemoteWebDriver.findElement(RemoteWebDriver.java:355)
	at c2info_OrderBuk_UIPages.DigitizePage.addItemsAndDosage(DigitizePage.java:128)
	at c2info_OrderBuk_ReadyForOrderTCs.TC_001_VerifyItemsAddedFromTBV.verifyItemsAddedInTBV(TC_001_VerifyItemsAddedFromTBV.java:42)
... Removed 29 stack frames]]>
    </failure>
  </testcase> <!-- verifyItemsAddedInTBV -->
  <testcase name="verifyOrderIDIsNotNull" time="9.956" classname="c2info_OrderBuk_ReadyForOrderTCs.TC_002_VerifyDetailsExistence"/>
  <testcase name="verifySubTotalAmt" time="11.988" classname="c2info_OrderBuk_ReadyForOrderTCs.TC_003_VerifySubTotalwithItemWiseAmt"/>
  <testcase name="verifyGrandTotal" time="16.232" classname="c2info_OrderBuk_ReadyForOrderTCs.TC_004_VerifyGrandTotalAmt"/>
  <testcase name="verifyConfirmButtonFunctionality" time="21.567" classname="c2info_OrderBuk_ReadyForOrderTCs.TC_005_VerifyConfirmBtn"/>
  <testcase name="verifyCancelButtonFunctionality" time="18.995" classname="c2info_OrderBuk_ReadyForOrderTCs.TC_006_VerifyCancelButton"/>
  <testcase name="verifyReverifybutton" time="17.228" classname="c2info_OrderBuk_ReadyForOrderTCs.TC_007_VerifyReverifyButton"/>
  <testcase name="deselectAllitemsAndCOnfirmOrder" time="15.729" classname="c2info_OrderBuk_ReadyForOrderTCs.TC_008_VerifyByDeselectingAllItemsAndConfirm"/>
  <testcase name="verifyImageInPrescriptionPage" time="9.842" classname="c2info_OrderBuk_CustConfirmedveriPendingTCs.TC_001_VerifyImageExistance"/>
  <testcase name="verifyValidButtonInPrescriptionPage" time="16.659" classname="c2info_OrderBuk_CustConfirmedveriPendingTCs.TC_002_VerifyValidButton"/>
  <testcase name="verifyInvalidButton" time="8.107" classname="c2info_OrderBuk_CustConfirmedveriPendingTCs.TC_003_VerifyInvalidButton"/>
  <testcase name="verifyOrderIDIsNotNull" time="7.141" classname="c2info_OrderBuk_CustConfirmedveriPendingTCs.TC_004_VerifyCustomerDetailsExistence"/>
  <testcase name="verifyCancelButtonFunctionality" time="20.174" classname="c2info_OrderBuk_CustConfirmedveriPendingTCs.TC_005_VerifyInvalidOrderFunctionality"/>
  <testcase name="verifySubmitOrderFunctionality" time="23.529" classname="c2info_OrderBuk_CustConfirmedveriPendingTCs.TC_006_VerifySubmitOrderFunctionality"/>
  <testcase name="verifySubmitOrderFunctionality" time="66.1" classname="c2info_OrderBuk_CustConfirmedveriPendingTCs.TC_007_VerifySubmitByAddingItems">
    <failure type="org.openqa.selenium.NoSuchElementException" message="no such element: Unable to locate element: {&amp;quot;method&amp;quot;:&amp;quot;xpath&amp;quot;,&amp;quot;selector&amp;quot;:&amp;quot;.//button[contains(text(),&amp;apos;Valid&amp;apos;)]&amp;quot;}
  (Session info: chrome=63.0.3239.132)
  (Driver info: chromedriver=2.32.498550 (9dec58e66c31bcc53a9ce3c7226f0c1c5810906a),platform=Windows NT 10.0.16299 x86_64) (WARNING: The server did not provide any stacktrace information)
Command duration or timeout: 60.05 seconds
For documentation on this error, please visit: http://seleniumhq.org/exceptions/no_such_element.html
Build info: version: &amp;apos;2.53.1&amp;apos;, revision: &amp;apos;a36b8b1cd5757287168e54b817830adce9b0158d&amp;apos;, time: &amp;apos;2016-06-30 19:26:09&amp;apos;
System info: host: &amp;apos;ChethanBidare-pc&amp;apos;, ip: &amp;apos;172.16.18.225&amp;apos;, os.name: &amp;apos;Windows 10&amp;apos;, os.arch: &amp;apos;amd64&amp;apos;, os.version: &amp;apos;10.0&amp;apos;, java.version: &amp;apos;1.8.0_144&amp;apos;
Driver info: org.openqa.selenium.chrome.ChromeDriver
Capabilities [{applicationCacheEnabled=false, rotatable=false, mobileEmulationEnabled=false, networkConnectionEnabled=false, chrome={chromedriverVersion=2.32.498550 (9dec58e66c31bcc53a9ce3c7226f0c1c5810906a), userDataDir=C:\Users\User1\AppData\Local\Temp\scoped_dir11664_32051}, takesHeapSnapshot=true, pageLoadStrategy=normal, databaseEnabled=false, handlesAlerts=true, hasTouchScreen=false, version=63.0.3239.132, platform=XP, browserConnectionEnabled=false, nativeEvents=true, acceptSslCerts=true, locationContextEnabled=true, webStorageEnabled=true, browserName=chrome, takesScreenshot=true, javascriptEnabled=true, cssSelectorsEnabled=true, setWindowRect=true, unexpectedAlertBehaviour=}]
Session ID: 33c77553623f09976e3d9714bf5ba58e
*** Element info: {Using=xpath, value=.//button[contains(text(),&amp;apos;Valid&amp;apos;)]}">
      <![CDATA[org.openqa.selenium.NoSuchElementException: no such element: Unable to locate element: {"method":"xpath","selector":".//button[contains(text(),'Valid')]"}
  (Session info: chrome=63.0.3239.132)
  (Driver info: chromedriver=2.32.498550 (9dec58e66c31bcc53a9ce3c7226f0c1c5810906a),platform=Windows NT 10.0.16299 x86_64) (WARNING: The server did not provide any stacktrace information)
Command duration or timeout: 60.05 seconds
For documentation on this error, please visit: http://seleniumhq.org/exceptions/no_such_element.html
Build info: version: '2.53.1', revision: 'a36b8b1cd5757287168e54b817830adce9b0158d', time: '2016-06-30 19:26:09'
System info: host: 'ChethanBidare-pc', ip: '172.16.18.225', os.name: 'Windows 10', os.arch: 'amd64', os.version: '10.0', java.version: '1.8.0_144'
Driver info: org.openqa.selenium.chrome.ChromeDriver
Capabilities [{applicationCacheEnabled=false, rotatable=false, mobileEmulationEnabled=false, networkConnectionEnabled=false, chrome={chromedriverVersion=2.32.498550 (9dec58e66c31bcc53a9ce3c7226f0c1c5810906a), userDataDir=C:\Users\User1\AppData\Local\Temp\scoped_dir11664_32051}, takesHeapSnapshot=true, pageLoadStrategy=normal, databaseEnabled=false, handlesAlerts=true, hasTouchScreen=false, version=63.0.3239.132, platform=XP, browserConnectionEnabled=false, nativeEvents=true, acceptSslCerts=true, locationContextEnabled=true, webStorageEnabled=true, browserName=chrome, takesScreenshot=true, javascriptEnabled=true, cssSelectorsEnabled=true, setWindowRect=true, unexpectedAlertBehaviour=}]
Session ID: 33c77553623f09976e3d9714bf5ba58e
*** Element info: {Using=xpath, value=.//button[contains(text(),'Valid')]}
	at org.openqa.selenium.remote.ErrorHandler.createThrowable(ErrorHandler.java:206)
	at org.openqa.selenium.remote.ErrorHandler.throwIfResponseFailed(ErrorHandler.java:158)
	at org.openqa.selenium.remote.RemoteWebDriver.execute(RemoteWebDriver.java:678)
	at org.openqa.selenium.remote.RemoteWebDriver.findElement(RemoteWebDriver.java:363)
	at org.openqa.selenium.remote.RemoteWebDriver.findElementByXPath(RemoteWebDriver.java:500)
	at org.openqa.selenium.By$ByXPath.findElement(By.java:361)
	at org.openqa.selenium.remote.RemoteWebDriver.findElement(RemoteWebDriver.java:355)
	at org.openqa.selenium.support.pagefactory.DefaultElementLocator.findElement(DefaultElementLocator.java:69)
	at org.openqa.selenium.support.pagefactory.internal.LocatingElementHandler.invoke(LocatingElementHandler.java:38)
	at com.sun.proxy.$Proxy9.click(Unknown Source)
	at c2info_OrderBuk_UIPages.ToBeVerified.makeOrderValid(ToBeVerified.java:96)
	at c2info_OrderBuk_CustConfirmedveriPendingTCs.TC_007_VerifySubmitByAddingItems.verifySubmitOrderFunctionality(TC_007_VerifySubmitByAddingItems.java:36)
... Removed 29 stack frames]]>
    </failure>
  </testcase> <!-- verifySubmitOrderFunctionality -->
  <testcase name="verifyNewItemRequest" time="15.888" classname="c2info_OrderBuk_CustConfirmedveriPendingTCs.TC_008_VerifyNewItemRequestFunctionality">
    <failure type="org.openqa.selenium.WebDriverException" message="unknown error: Element &amp;lt;button type=&amp;quot;submit&amp;quot; id=&amp;quot;btnsubmit&amp;quot; class=&amp;quot;btn btn-success btn-sm btn-rounded&amp;quot; name=&amp;quot;login-button&amp;quot; onclick=&amp;quot;return check()&amp;quot;&amp;gt;...&amp;lt;/button&amp;gt; is not clickable at point (452, 444). Other element would receive the click: &amp;lt;div class=&amp;quot;modal fade in&amp;quot; id=&amp;quot;add-item&amp;quot; role=&amp;quot;dialog&amp;quot; tabindex=&amp;quot;-1&amp;quot; style=&amp;quot;display: block; padding-right: 17px;&amp;quot;&amp;gt;...&amp;lt;/div&amp;gt;
  (Session info: chrome=63.0.3239.132)
  (Driver info: chromedriver=2.32.498550 (9dec58e66c31bcc53a9ce3c7226f0c1c5810906a),platform=Windows NT 10.0.16299 x86_64) (WARNING: The server did not provide any stacktrace information)
Command duration or timeout: 31 milliseconds
Build info: version: &amp;apos;2.53.1&amp;apos;, revision: &amp;apos;a36b8b1cd5757287168e54b817830adce9b0158d&amp;apos;, time: &amp;apos;2016-06-30 19:26:09&amp;apos;
System info: host: &amp;apos;ChethanBidare-pc&amp;apos;, ip: &amp;apos;172.16.18.225&amp;apos;, os.name: &amp;apos;Windows 10&amp;apos;, os.arch: &amp;apos;amd64&amp;apos;, os.version: &amp;apos;10.0&amp;apos;, java.version: &amp;apos;1.8.0_144&amp;apos;
Driver info: org.openqa.selenium.chrome.ChromeDriver
Capabilities [{applicationCacheEnabled=false, rotatable=false, mobileEmulationEnabled=false, networkConnectionEnabled=false, chrome={chromedriverVersion=2.32.498550 (9dec58e66c31bcc53a9ce3c7226f0c1c5810906a), userDataDir=C:\Users\User1\AppData\Local\Temp\scoped_dir13852_2549}, takesHeapSnapshot=true, pageLoadStrategy=normal, databaseEnabled=false, handlesAlerts=true, hasTouchScreen=false, version=63.0.3239.132, platform=XP, browserConnectionEnabled=false, nativeEvents=true, acceptSslCerts=true, locationContextEnabled=true, webStorageEnabled=true, browserName=chrome, takesScreenshot=true, javascriptEnabled=true, cssSelectorsEnabled=true, setWindowRect=true, unexpectedAlertBehaviour=}]
Session ID: e6ba7aa91bd0f4dd6fba1f7bc080292a">
      <![CDATA[org.openqa.selenium.WebDriverException: unknown error: Element <button type="submit" id="btnsubmit" class="btn btn-success btn-sm btn-rounded" name="login-button" onclick="return check()">...</button> is not clickable at point (452, 444). Other element would receive the click: <div class="modal fade in" id="add-item" role="dialog" tabindex="-1" style="display: block; padding-right: 17px;">...</div>
  (Session info: chrome=63.0.3239.132)
  (Driver info: chromedriver=2.32.498550 (9dec58e66c31bcc53a9ce3c7226f0c1c5810906a),platform=Windows NT 10.0.16299 x86_64) (WARNING: The server did not provide any stacktrace information)
Command duration or timeout: 31 milliseconds
Build info: version: '2.53.1', revision: 'a36b8b1cd5757287168e54b817830adce9b0158d', time: '2016-06-30 19:26:09'
System info: host: 'ChethanBidare-pc', ip: '172.16.18.225', os.name: 'Windows 10', os.arch: 'amd64', os.version: '10.0', java.version: '1.8.0_144'
Driver info: org.openqa.selenium.chrome.ChromeDriver
Capabilities [{applicationCacheEnabled=false, rotatable=false, mobileEmulationEnabled=false, networkConnectionEnabled=false, chrome={chromedriverVersion=2.32.498550 (9dec58e66c31bcc53a9ce3c7226f0c1c5810906a), userDataDir=C:\Users\User1\AppData\Local\Temp\scoped_dir13852_2549}, takesHeapSnapshot=true, pageLoadStrategy=normal, databaseEnabled=false, handlesAlerts=true, hasTouchScreen=false, version=63.0.3239.132, platform=XP, browserConnectionEnabled=false, nativeEvents=true, acceptSslCerts=true, locationContextEnabled=true, webStorageEnabled=true, browserName=chrome, takesScreenshot=true, javascriptEnabled=true, cssSelectorsEnabled=true, setWindowRect=true, unexpectedAlertBehaviour=}]
Session ID: e6ba7aa91bd0f4dd6fba1f7bc080292a
	at org.openqa.selenium.remote.ErrorHandler.createThrowable(ErrorHandler.java:206)
	at org.openqa.selenium.remote.ErrorHandler.throwIfResponseFailed(ErrorHandler.java:158)
	at org.openqa.selenium.remote.RemoteWebDriver.execute(RemoteWebDriver.java:678)
	at org.openqa.selenium.remote.RemoteWebElement.execute(RemoteWebElement.java:327)
	at org.openqa.selenium.remote.RemoteWebElement.click(RemoteWebElement.java:85)
	at org.openqa.selenium.support.pagefactory.internal.LocatingElementHandler.invoke(LocatingElementHandler.java:51)
	at com.sun.proxy.$Proxy9.click(Unknown Source)
	at c2info_OrderBuk_UIPages.DigitizePage.clickOnSubmit(DigitizePage.java:161)
	at c2info_OrderBuk_CustConfirmedveriPendingTCs.TC_008_VerifyNewItemRequestFunctionality.verifyNewItemRequest(TC_008_VerifyNewItemRequestFunctionality.java:43)
... Removed 31 stack frames]]>
    </failure>
  </testcase> <!-- verifyNewItemRequest -->
  <testcase name="verifyNewItemRequestSuccessMsg" time="41.922" classname="c2info_OrderBuk_CustConfirmedveriPendingTCs.TC_009_VerifyNewItemRequestSuccessMsg"/>
  <testcase name="verifyOrderIDIsNotNull" time="7.934" classname="c2info_OrderBuk_OrderSentToServerTCs.TC_001_VerifyDetailsExistance"/>
  <testcase name="verifyPrescriptionButton" time="67.837" classname="c2info_OrderBuk_OrderSentToServerTCs.TC_002_VerifyViewPrescriptionButton">
    <failure type="org.openqa.selenium.NoSuchElementException" message="no such element: Unable to locate element: {&amp;quot;method&amp;quot;:&amp;quot;xpath&amp;quot;,&amp;quot;selector&amp;quot;:&amp;quot;.//*[contains(text(),&amp;apos;View Prescription&amp;apos;)]&amp;quot;}
  (Session info: chrome=63.0.3239.132)
  (Driver info: chromedriver=2.32.498550 (9dec58e66c31bcc53a9ce3c7226f0c1c5810906a),platform=Windows NT 10.0.16299 x86_64) (WARNING: The server did not provide any stacktrace information)
Command duration or timeout: 60.06 seconds
For documentation on this error, please visit: http://seleniumhq.org/exceptions/no_such_element.html
Build info: version: &amp;apos;2.53.1&amp;apos;, revision: &amp;apos;a36b8b1cd5757287168e54b817830adce9b0158d&amp;apos;, time: &amp;apos;2016-06-30 19:26:09&amp;apos;
System info: host: &amp;apos;ChethanBidare-pc&amp;apos;, ip: &amp;apos;172.16.18.225&amp;apos;, os.name: &amp;apos;Windows 10&amp;apos;, os.arch: &amp;apos;amd64&amp;apos;, os.version: &amp;apos;10.0&amp;apos;, java.version: &amp;apos;1.8.0_144&amp;apos;
Driver info: org.openqa.selenium.chrome.ChromeDriver
Capabilities [{applicationCacheEnabled=false, rotatable=false, mobileEmulationEnabled=false, networkConnectionEnabled=false, chrome={chromedriverVersion=2.32.498550 (9dec58e66c31bcc53a9ce3c7226f0c1c5810906a), userDataDir=C:\Users\User1\AppData\Local\Temp\scoped_dir9764_8286}, takesHeapSnapshot=true, pageLoadStrategy=normal, databaseEnabled=false, handlesAlerts=true, hasTouchScreen=false, version=63.0.3239.132, platform=XP, browserConnectionEnabled=false, nativeEvents=true, acceptSslCerts=true, locationContextEnabled=true, webStorageEnabled=true, browserName=chrome, takesScreenshot=true, javascriptEnabled=true, cssSelectorsEnabled=true, setWindowRect=true, unexpectedAlertBehaviour=}]
Session ID: 8f1ec5a310f6c01f22a805b1fb03343d
*** Element info: {Using=xpath, value=.//*[contains(text(),&amp;apos;View Prescription&amp;apos;)]}">
      <![CDATA[org.openqa.selenium.NoSuchElementException: no such element: Unable to locate element: {"method":"xpath","selector":".//*[contains(text(),'View Prescription')]"}
  (Session info: chrome=63.0.3239.132)
  (Driver info: chromedriver=2.32.498550 (9dec58e66c31bcc53a9ce3c7226f0c1c5810906a),platform=Windows NT 10.0.16299 x86_64) (WARNING: The server did not provide any stacktrace information)
Command duration or timeout: 60.06 seconds
For documentation on this error, please visit: http://seleniumhq.org/exceptions/no_such_element.html
Build info: version: '2.53.1', revision: 'a36b8b1cd5757287168e54b817830adce9b0158d', time: '2016-06-30 19:26:09'
System info: host: 'ChethanBidare-pc', ip: '172.16.18.225', os.name: 'Windows 10', os.arch: 'amd64', os.version: '10.0', java.version: '1.8.0_144'
Driver info: org.openqa.selenium.chrome.ChromeDriver
Capabilities [{applicationCacheEnabled=false, rotatable=false, mobileEmulationEnabled=false, networkConnectionEnabled=false, chrome={chromedriverVersion=2.32.498550 (9dec58e66c31bcc53a9ce3c7226f0c1c5810906a), userDataDir=C:\Users\User1\AppData\Local\Temp\scoped_dir9764_8286}, takesHeapSnapshot=true, pageLoadStrategy=normal, databaseEnabled=false, handlesAlerts=true, hasTouchScreen=false, version=63.0.3239.132, platform=XP, browserConnectionEnabled=false, nativeEvents=true, acceptSslCerts=true, locationContextEnabled=true, webStorageEnabled=true, browserName=chrome, takesScreenshot=true, javascriptEnabled=true, cssSelectorsEnabled=true, setWindowRect=true, unexpectedAlertBehaviour=}]
Session ID: 8f1ec5a310f6c01f22a805b1fb03343d
*** Element info: {Using=xpath, value=.//*[contains(text(),'View Prescription')]}
	at org.openqa.selenium.remote.ErrorHandler.createThrowable(ErrorHandler.java:206)
	at org.openqa.selenium.remote.ErrorHandler.throwIfResponseFailed(ErrorHandler.java:158)
	at org.openqa.selenium.remote.RemoteWebDriver.execute(RemoteWebDriver.java:678)
	at org.openqa.selenium.remote.RemoteWebDriver.findElement(RemoteWebDriver.java:363)
	at org.openqa.selenium.remote.RemoteWebDriver.findElementByXPath(RemoteWebDriver.java:500)
	at org.openqa.selenium.By$ByXPath.findElement(By.java:361)
	at org.openqa.selenium.remote.RemoteWebDriver.findElement(RemoteWebDriver.java:355)
	at org.openqa.selenium.support.pagefactory.DefaultElementLocator.findElement(DefaultElementLocator.java:69)
	at org.openqa.selenium.support.pagefactory.internal.LocatingElementHandler.invoke(LocatingElementHandler.java:38)
	at com.sun.proxy.$Proxy9.click(Unknown Source)
	at c2info_OrderBuk_UIPages.NewItemPutOnHold.clickOnViewPrescriptionButton(NewItemPutOnHold.java:73)
	at c2info_OrderBuk_OrderSentToServerTCs.TC_002_VerifyViewPrescriptionButton.verifyPrescriptionButton(TC_002_VerifyViewPrescriptionButton.java:40)
... Removed 29 stack frames]]>
    </failure>
  </testcase> <!-- verifyPrescriptionButton -->
  <testcase name="verifyOrderhistorybutton" time="14.463" classname="c2info_OrderBuk_OrderSentToServerTCs.TC_003_VerifyOrderHistoryButton"/>
  <testcase name="verifyOrderClosedButtonFunctionality" time="21.247" classname="c2info_OrderBuk_OrderSentToServerTCs.TC_004_VerifyOrderClosedButton"/>
  <testcase name="verifySumOfItemsWithGrandTotal" time="13.037" classname="c2info_OrderBuk_OrderSentToServerTCs.TC_005_VerifySumOfItemsWithGrandTotal">
    <failure type="java.lang.NumberFormatException" message="For input string: &amp;quot;4,600.00&amp;quot;">
      <![CDATA[java.lang.NumberFormatException: For input string: "4,600.00"
	at sun.misc.FloatingDecimal.readJavaFormatString(FloatingDecimal.java:2043)
	at sun.misc.FloatingDecimal.parseDouble(FloatingDecimal.java:110)
	at java.lang.Double.parseDouble(Double.java:538)
	at c2info_OrderBuk_UIPages.OrderSentToServer.getItemwiseTotal(OrderSentToServer.java:155)
	at c2info_OrderBuk_OrderSentToServerTCs.TC_005_VerifySumOfItemsWithGrandTotal.verifySumOfItemsWithGrandTotal(TC_005_VerifySumOfItemsWithGrandTotal.java:40)
... Removed 25 stack frames]]>
    </failure>
  </testcase> <!-- verifySumOfItemsWithGrandTotal -->
  <testcase name="verifySumOfSubTotalsWithGrandSubTotal" time="13.092" classname="c2info_OrderBuk_OrderSentToServerTCs.TC_006_VerifySumOfSubTotalsWithGrandSubTotal">
    <failure type="java.lang.NumberFormatException" message="For input string: &amp;quot;4,601.80&amp;quot;">
      <![CDATA[java.lang.NumberFormatException: For input string: "4,601.80"
	at sun.misc.FloatingDecimal.readJavaFormatString(FloatingDecimal.java:2043)
	at sun.misc.FloatingDecimal.parseDouble(FloatingDecimal.java:110)
	at java.lang.Double.parseDouble(Double.java:538)
	at c2info_OrderBuk_UIPages.OrderSentToServer.getCalculatedTotalOfEachSubTotal(OrderSentToServer.java:193)
	at c2info_OrderBuk_OrderSentToServerTCs.TC_006_VerifySumOfSubTotalsWithGrandSubTotal.verifySumOfSubTotalsWithGrandSubTotal(TC_006_VerifySumOfSubTotalsWithGrandSubTotal.java:41)
... Removed 25 stack frames]]>
    </failure>
  </testcase> <!-- verifySumOfSubTotalsWithGrandSubTotal -->
  <testcase name="verifySumOfSubTotalsWithGrandSubTotal" time="12.736" classname="c2info_OrderBuk_OrderSentToServerTCs.TC_007_VerifyGrandTotal">
    <failure type="java.lang.NumberFormatException" message="For input string: &amp;quot;4,142.00&amp;quot;">
      <![CDATA[java.lang.NumberFormatException: For input string: "4,142.00"
	at sun.misc.FloatingDecimal.readJavaFormatString(FloatingDecimal.java:2043)
	at sun.misc.FloatingDecimal.parseDouble(FloatingDecimal.java:110)
	at java.lang.Double.parseDouble(Double.java:538)
	at c2info_OrderBuk_UIPages.OrderSentToServer.getGrandTotal(OrderSentToServer.java:170)
	at c2info_OrderBuk_OrderSentToServerTCs.TC_007_VerifyGrandTotal.verifySumOfSubTotalsWithGrandSubTotal(TC_007_VerifyGrandTotal.java:44)
... Removed 25 stack frames]]>
    </failure>
  </testcase> <!-- verifySumOfSubTotalsWithGrandSubTotal -->
  <testcase name="verifyFooterModeOfPayment" time="12.992" classname="c2info_OrderBuk_OrderSentToServerTCs.TC_008_VerifyFooterModeOfPayment">
    <failure type="java.lang.AssertionError" message="expected [Card] but found []">
      <![CDATA[java.lang.AssertionError: expected [Card] but found []
	at c2info_OrderBuk_OrderSentToServerTCs.TC_008_VerifyFooterModeOfPayment.verifyFooterModeOfPayment(TC_008_VerifyFooterModeOfPayment.java:46)
... Removed 31 stack frames]]>
    </failure>
  </testcase> <!-- verifyFooterModeOfPayment -->
  <testcase name="verifyFooterModeOfDelivery" time="12.935" classname="c2info_OrderBuk_OrderSentToServerTCs.TC_009_VerifyFooterModeOfDelivery"/>
  <testcase name="verifyDownloadButton" time="19.516" classname="c2info_OrderBuk_OrderSentToServerTCs.TC_010_VerifyDownloadPDFButton">
    <failure type="java.lang.NullPointerException">
      <![CDATA[java.lang.NullPointerException
	at c2info_OrderBuk_TestBase.TestBase.isFileDownloaded(TestBase.java:181)
	at c2info_OrderBuk_OrderSentToServerTCs.TC_010_VerifyDownloadPDFButton.verifyDownloadButton(TC_010_VerifyDownloadPDFButton.java:46)
... Removed 25 stack frames]]>
    </failure>
  </testcase> <!-- verifyDownloadButton -->
  <testcase name="verifyOrderIDIsNotNull" time="29.689" classname="c2info_OrderBuk_OrderInvoicedTCs.TC_001_VerifyDetailsExistanceInOrderInvoiced"/>
  <testcase name="verifyOrderhistorybutton" time="18.289" classname="c2info_OrderBuk_OrderInvoicedTCs.TC_002_VerifyOrderHistoryButton"/>
  <testcase name="verifyOrderClosedButtonFunctionality" time="22.33" classname="c2info_OrderBuk_OrderInvoicedTCs.TC_003_VerifyOrderClosedButton"/>
  <testcase name="verifySumOfItemsWithGrandTotal" time="12.832" classname="c2info_OrderBuk_OrderInvoicedTCs.TC_004_VerifySumOfItemsWithGrandTotal"/>
  <testcase name="verifySumOfSubTotalsWithGrandSubTotal" time="12.547" classname="c2info_OrderBuk_OrderInvoicedTCs.TC_005_VerifySumOfSubTotalsWithGrandSubTotal"/>
  <testcase name="verifySumOfSubTotalsWithGrandSubTotal" time="17.494" classname="c2info_OrderBuk_OrderInvoicedTCs.TC_006_VerifyGrandTotal"/>
  <testcase name="verifyFooterModeOfPayment" time="13.082" classname="c2info_OrderBuk_OrderInvoicedTCs.TC_007_VerifyFooterModeOfPayment">
    <failure type="java.lang.AssertionError" message="expected [Card] but found []">
      <![CDATA[java.lang.AssertionError: expected [Card] but found []
	at c2info_OrderBuk_OrderInvoicedTCs.TC_007_VerifyFooterModeOfPayment.verifyFooterModeOfPayment(TC_007_VerifyFooterModeOfPayment.java:47)
... Removed 31 stack frames]]>
    </failure>
  </testcase> <!-- verifyFooterModeOfPayment -->
  <testcase name="verifyFooterModeOfDelivery" time="12.733" classname="c2info_OrderBuk_OrderInvoicedTCs.TC_008_VerifyFooterModeOfDelivery"/>
  <testcase name="verifyDownloadButton" time="19.807" classname="c2info_OrderBuk_OrderInvoicedTCs.TC_009_VerifyDownloadPDFButton">
    <failure type="java.lang.NullPointerException">
      <![CDATA[java.lang.NullPointerException
	at c2info_OrderBuk_TestBase.TestBase.isFileDownloaded(TestBase.java:181)
	at c2info_OrderBuk_OrderInvoicedTCs.TC_009_VerifyDownloadPDFButton.verifyDownloadButton(TC_009_VerifyDownloadPDFButton.java:48)
... Removed 25 stack frames]]>
    </failure>
  </testcase> <!-- verifyDownloadButton -->
  <testcase name="verifyOrderIDIsNotNull" time="7.73" classname="c2info_OrderBuk_InTransitTCs.TC_001_VerifyDetailsExistanceInTransit"/>
  <testcase name="verifyOrderhistorybutton" time="15.061" classname="c2info_OrderBuk_InTransitTCs.TC_002_VerifyOrderHistoryButton"/>
  <testcase name="verifyOrderClosedButtonFunctionality" time="40.72" classname="c2info_OrderBuk_InTransitTCs.TC_003_VerifyOrderClosedButton"/>
  <testcase name="verifySumOfItemsWithGrandTotal" time="29.275" classname="c2info_OrderBuk_InTransitTCs.TC_004_VerifySumOfItemsWithGrandSubTotal"/>
  <testcase name="verifySumOfSubTotalsWithGrandSubTotal" time="12.555" classname="c2info_OrderBuk_InTransitTCs.TC_005_VerifySumOfSubTotalsWithGrandSubTotal"/>
  <testcase name="verifySumOfSubTotalsWithGrandSubTotal" time="12.603" classname="c2info_OrderBuk_InTransitTCs.TC_006_VerifyGrandTotal">
    <failure type="java.lang.NumberFormatException" message="For input string: &amp;quot;1,859.00&amp;quot;">
      <![CDATA[java.lang.NumberFormatException: For input string: "1,859.00"
	at sun.misc.FloatingDecimal.readJavaFormatString(FloatingDecimal.java:2043)
	at sun.misc.FloatingDecimal.parseDouble(FloatingDecimal.java:110)
	at java.lang.Double.parseDouble(Double.java:538)
	at c2info_OrderBuk_UIPages.OrderSentToServer.getDiscountValue(OrderSentToServer.java:216)
	at c2info_OrderBuk_InTransitTCs.TC_006_VerifyGrandTotal.verifySumOfSubTotalsWithGrandSubTotal(TC_006_VerifyGrandTotal.java:42)
... Removed 25 stack frames]]>
    </failure>
  </testcase> <!-- verifySumOfSubTotalsWithGrandSubTotal -->
  <testcase name="verifyFooterModeOfPayment" time="12.771" classname="c2info_OrderBuk_InTransitTCs.TC_007_VerifyFooterModeOfPayment">
    <failure type="java.lang.AssertionError" message="expected [Card] but found []">
      <![CDATA[java.lang.AssertionError: expected [Card] but found []
	at c2info_OrderBuk_InTransitTCs.TC_007_VerifyFooterModeOfPayment.verifyFooterModeOfPayment(TC_007_VerifyFooterModeOfPayment.java:46)
... Removed 31 stack frames]]>
    </failure>
  </testcase> <!-- verifyFooterModeOfPayment -->
  <testcase name="verifyFooterModeOfDelivery" time="12.499" classname="c2info_OrderBuk_InTransitTCs.TC_008_VerifyFooterModeOfDelivery"/>
  <testcase name="verifyDownloadButton" time="26.175" classname="c2info_OrderBuk_InTransitTCs.TC_009_VerifyDownloadPDFButton">
    <failure type="java.lang.NullPointerException">
      <![CDATA[java.lang.NullPointerException
	at c2info_OrderBuk_TestBase.TestBase.isFileDownloaded(TestBase.java:181)
	at c2info_OrderBuk_InTransitTCs.TC_009_VerifyDownloadPDFButton.verifyDownloadButton(TC_009_VerifyDownloadPDFButton.java:48)
... Removed 25 stack frames]]>
    </failure>
  </testcase> <!-- verifyDownloadButton -->
  <testcase name="verifyOrderIDIsNotNull" time="8.124" classname="c2info_OrderBuk_DeliveredTCs.TC_001_VerifyDetailsExistanceInOrderDelivered"/>
  <testcase name="verifyOrderhistorybutton" time="14.793" classname="c2info_OrderBuk_DeliveredTCs.TC_002_VerifyOrderHistoryButton"/>
  <testcase name="verifyOrderClosedButtonFunctionality" time="21.418" classname="c2info_OrderBuk_DeliveredTCs.TC_003_VerifyOrderClosedButton"/>
  <testcase name="verifySumOfItemsWithGrandTotal" time="12.992" classname="c2info_OrderBuk_DeliveredTCs.TC_004_VerifySumOfItemsWithGrandSubTotal"/>
  <testcase name="verifySumOfSubTotalsWithGrandSubTotal" time="13.089" classname="c2info_OrderBuk_DeliveredTCs.TC_005_VerifySumOfSubTotalsWithGrandSubTotal"/>
  <testcase name="verifySumOfSubTotalsWithGrandSubTotal" time="13.328" classname="c2info_OrderBuk_DeliveredTCs.TC_006_VerifyGrandTotal"/>
  <testcase name="verifyFooterModeOfPayment" time="12.935" classname="c2info_OrderBuk_DeliveredTCs.TC_007_VerifyFooterModeOfPayment">
    <failure type="java.lang.AssertionError" message="expected [Card] but found []">
      <![CDATA[java.lang.AssertionError: expected [Card] but found []
	at c2info_OrderBuk_DeliveredTCs.TC_007_VerifyFooterModeOfPayment.verifyFooterModeOfPayment(TC_007_VerifyFooterModeOfPayment.java:46)
... Removed 31 stack frames]]>
    </failure>
  </testcase> <!-- verifyFooterModeOfPayment -->
  <testcase name="verifyFooterModeOfDelivery" time="14.43" classname="c2info_OrderBuk_DeliveredTCs.TC_008_VerifyFooterModeOfDelivery"/>
  <testcase name="verifyDownloadButton" time="19.152" classname="c2info_OrderBuk_DeliveredTCs.TC_009_VerifyDownloadPDFButton">
    <failure type="java.lang.NullPointerException">
      <![CDATA[java.lang.NullPointerException
	at c2info_OrderBuk_TestBase.TestBase.isFileDownloaded(TestBase.java:181)
	at c2info_OrderBuk_DeliveredTCs.TC_009_VerifyDownloadPDFButton.verifyDownloadButton(TC_009_VerifyDownloadPDFButton.java:48)
... Removed 25 stack frames]]>
    </failure>
  </testcase> <!-- verifyDownloadButton -->
  <testcase name="verifyOrderIDIsNotNull" time="7.652" classname="c2info_OrderBuk_OrderReturnedTCs.TC_001_VerifyDetailsExistanceInOrderReturned"/>
  <testcase name="verifyOrderhistorybutton" time="14.724" classname="c2info_OrderBuk_OrderReturnedTCs.TC_002_VerifyOrderHistoryButton"/>
  <testcase name="verifyOrderClosedButtonFunctionality" time="20.936" classname="c2info_OrderBuk_OrderReturnedTCs.TC_003_VerifyOrderClosedButton"/>
  <testcase name="verifySumOfItemsWithGrandTotal" time="12.591" classname="c2info_OrderBuk_OrderReturnedTCs.TC_004_VerifySumOfItemsWithGrandSubTotal"/>
  <testcase name="verifySumOfSubTotalsWithGrandSubTotal" time="12.619" classname="c2info_OrderBuk_OrderReturnedTCs.TC_005_VerifySumOfSubTotalsWithGrandSubTotal"/>
  <testcase name="verifySumOfSubTotalsWithGrandSubTotal" time="12.657" classname="c2info_OrderBuk_OrderReturnedTCs.TC_006_VerifyGrandTotal"/>
  <testcase name="verifyFooterModeOfPayment" time="12.307" classname="c2info_OrderBuk_OrderReturnedTCs.TC_007_VerifyFooterModeOfPayment">
    <failure type="java.lang.AssertionError" message="expected [Card] but found []">
      <![CDATA[java.lang.AssertionError: expected [Card] but found []
	at c2info_OrderBuk_OrderReturnedTCs.TC_007_VerifyFooterModeOfPayment.verifyFooterModeOfPayment(TC_007_VerifyFooterModeOfPayment.java:47)
... Removed 31 stack frames]]>
    </failure>
  </testcase> <!-- verifyFooterModeOfPayment -->
  <testcase name="verifyFooterModeOfDelivery" time="12.362" classname="c2info_OrderBuk_OrderReturnedTCs.TC_008_VerifyFooterModeOfDelivery"/>
  <testcase name="verifyDownloadButton" time="18.627" classname="c2info_OrderBuk_OrderReturnedTCs.TC_009_VerifyDownloadPDFButton">
    <failure type="java.lang.NullPointerException">
      <![CDATA[java.lang.NullPointerException
	at c2info_OrderBuk_TestBase.TestBase.isFileDownloaded(TestBase.java:181)
	at c2info_OrderBuk_OrderReturnedTCs.TC_009_VerifyDownloadPDFButton.verifyDownloadButton(TC_009_VerifyDownloadPDFButton.java:48)
... Removed 25 stack frames]]>
    </failure>
  </testcase> <!-- verifyDownloadButton -->
  <testcase name="verifyInvalidPrescFromTBV" time="22.421" classname="c2info_OrderBuk_SupportCancelledTCs.TC_001_VerifyInvalidPrescFromTBV"/>
  <testcase name="verifyInvalidOrder" time="24.737" classname="c2info_OrderBuk_SupportCancelledTCs.TC_002_VerifyInvalidOrderFromTBV"/>
  <testcase name="verifyInvalidOrder" time="24.036" classname="c2info_OrderBuk_SupportCancelledTCs.TC_003_VerifyInvalidOrderFromCCVP"/>
  <testcase name="verifyInvalidOrder" time="23.137" classname="c2info_OrderBuk_SupportCancelledTCs.TC_004_VerifyInvalidPrescFromCCVP"/>
  <testcase name="verifyCancelButtonFromRFO" time="65.132" classname="c2info_OrderBuk_SupportCancelledTCs.TC_005_VerifyCancelButtonFromRFO">
    <failure type="org.openqa.selenium.WebDriverException" message="unknown error: Element &amp;lt;a href=&amp;quot;../../web/order/dashboard?pgid=0&amp;amp;amp;menuid=10&amp;quot;&amp;gt;...&amp;lt;/a&amp;gt; is not clickable at point (35, 25). Other element would receive the click: &amp;lt;div class=&amp;quot;modal fade in&amp;quot; id=&amp;quot;myModalone&amp;quot; role=&amp;quot;dialog&amp;quot; tabindex=&amp;quot;-1&amp;quot; style=&amp;quot;display: block; padding-right: 17px;&amp;quot;&amp;gt;...&amp;lt;/div&amp;gt;
  (Session info: chrome=63.0.3239.132)
  (Driver info: chromedriver=2.32.498550 (9dec58e66c31bcc53a9ce3c7226f0c1c5810906a),platform=Windows NT 10.0.16299 x86_64) (WARNING: The server did not provide any stacktrace information)
Command duration or timeout: 59 milliseconds
Build info: version: &amp;apos;2.53.1&amp;apos;, revision: &amp;apos;a36b8b1cd5757287168e54b817830adce9b0158d&amp;apos;, time: &amp;apos;2016-06-30 19:26:09&amp;apos;
System info: host: &amp;apos;ChethanBidare-pc&amp;apos;, ip: &amp;apos;172.16.18.225&amp;apos;, os.name: &amp;apos;Windows 10&amp;apos;, os.arch: &amp;apos;amd64&amp;apos;, os.version: &amp;apos;10.0&amp;apos;, java.version: &amp;apos;1.8.0_144&amp;apos;
Driver info: org.openqa.selenium.chrome.ChromeDriver
Capabilities [{applicationCacheEnabled=false, rotatable=false, mobileEmulationEnabled=false, networkConnectionEnabled=false, chrome={chromedriverVersion=2.32.498550 (9dec58e66c31bcc53a9ce3c7226f0c1c5810906a), userDataDir=C:\Users\User1\AppData\Local\Temp\scoped_dir19820_12407}, takesHeapSnapshot=true, pageLoadStrategy=normal, databaseEnabled=false, handlesAlerts=true, hasTouchScreen=false, version=63.0.3239.132, platform=XP, browserConnectionEnabled=false, nativeEvents=true, acceptSslCerts=true, locationContextEnabled=true, webStorageEnabled=true, browserName=chrome, takesScreenshot=true, javascriptEnabled=true, cssSelectorsEnabled=true, setWindowRect=true, unexpectedAlertBehaviour=}]
Session ID: f06189a3a31f0c8e2b603280d1ffd1b5">
      <![CDATA[org.openqa.selenium.WebDriverException: unknown error: Element <a href="../../web/order/dashboard?pgid=0&amp;menuid=10">...</a> is not clickable at point (35, 25). Other element would receive the click: <div class="modal fade in" id="myModalone" role="dialog" tabindex="-1" style="display: block; padding-right: 17px;">...</div>
  (Session info: chrome=63.0.3239.132)
  (Driver info: chromedriver=2.32.498550 (9dec58e66c31bcc53a9ce3c7226f0c1c5810906a),platform=Windows NT 10.0.16299 x86_64) (WARNING: The server did not provide any stacktrace information)
Command duration or timeout: 59 milliseconds
Build info: version: '2.53.1', revision: 'a36b8b1cd5757287168e54b817830adce9b0158d', time: '2016-06-30 19:26:09'
System info: host: 'ChethanBidare-pc', ip: '172.16.18.225', os.name: 'Windows 10', os.arch: 'amd64', os.version: '10.0', java.version: '1.8.0_144'
Driver info: org.openqa.selenium.chrome.ChromeDriver
Capabilities [{applicationCacheEnabled=false, rotatable=false, mobileEmulationEnabled=false, networkConnectionEnabled=false, chrome={chromedriverVersion=2.32.498550 (9dec58e66c31bcc53a9ce3c7226f0c1c5810906a), userDataDir=C:\Users\User1\AppData\Local\Temp\scoped_dir19820_12407}, takesHeapSnapshot=true, pageLoadStrategy=normal, databaseEnabled=false, handlesAlerts=true, hasTouchScreen=false, version=63.0.3239.132, platform=XP, browserConnectionEnabled=false, nativeEvents=true, acceptSslCerts=true, locationContextEnabled=true, webStorageEnabled=true, browserName=chrome, takesScreenshot=true, javascriptEnabled=true, cssSelectorsEnabled=true, setWindowRect=true, unexpectedAlertBehaviour=}]
Session ID: f06189a3a31f0c8e2b603280d1ffd1b5
	at org.openqa.selenium.remote.ErrorHandler.createThrowable(ErrorHandler.java:206)
	at org.openqa.selenium.remote.ErrorHandler.throwIfResponseFailed(ErrorHandler.java:158)
	at org.openqa.selenium.remote.RemoteWebDriver.execute(RemoteWebDriver.java:678)
	at org.openqa.selenium.remote.RemoteWebElement.execute(RemoteWebElement.java:327)
	at org.openqa.selenium.remote.RemoteWebElement.click(RemoteWebElement.java:85)
	at org.openqa.selenium.support.pagefactory.internal.LocatingElementHandler.invoke(LocatingElementHandler.java:51)
	at com.sun.proxy.$Proxy9.click(Unknown Source)
	at c2info_OrderBuk_UIPages.Dashboard.clickOnDashboardinMenu(Dashboard.java:147)
	at c2info_OrderBuk_SupportCancelledTCs.TC_005_VerifyCancelButtonFromRFO.verifyCancelButtonFromRFO(TC_005_VerifyCancelButtonFromRFO.java:42)
... Removed 31 stack frames]]>
    </failure>
  </testcase> <!-- verifyCancelButtonFromRFO -->
  <testcase name="verifyCancelButtonFromRFO" time="70.869" classname="c2info_OrderBuk_SupportCancelledTCs.TC_006_VerifyCancelButtonFromOrderConfirmed">
    <failure type="org.openqa.selenium.NoSuchElementException" message="no such element: Unable to locate element: {&amp;quot;method&amp;quot;:&amp;quot;id&amp;quot;,&amp;quot;selector&amp;quot;:&amp;quot;cancel&amp;quot;}
  (Session info: chrome=63.0.3239.132)
  (Driver info: chromedriver=2.32.498550 (9dec58e66c31bcc53a9ce3c7226f0c1c5810906a),platform=Windows NT 10.0.16299 x86_64) (WARNING: The server did not provide any stacktrace information)
Command duration or timeout: 60.01 seconds
For documentation on this error, please visit: http://seleniumhq.org/exceptions/no_such_element.html
Build info: version: &amp;apos;2.53.1&amp;apos;, revision: &amp;apos;a36b8b1cd5757287168e54b817830adce9b0158d&amp;apos;, time: &amp;apos;2016-06-30 19:26:09&amp;apos;
System info: host: &amp;apos;ChethanBidare-pc&amp;apos;, ip: &amp;apos;172.16.18.225&amp;apos;, os.name: &amp;apos;Windows 10&amp;apos;, os.arch: &amp;apos;amd64&amp;apos;, os.version: &amp;apos;10.0&amp;apos;, java.version: &amp;apos;1.8.0_144&amp;apos;
Driver info: org.openqa.selenium.chrome.ChromeDriver
Capabilities [{applicationCacheEnabled=false, rotatable=false, mobileEmulationEnabled=false, networkConnectionEnabled=false, chrome={chromedriverVersion=2.32.498550 (9dec58e66c31bcc53a9ce3c7226f0c1c5810906a), userDataDir=C:\Users\User1\AppData\Local\Temp\scoped_dir20012_30314}, takesHeapSnapshot=true, pageLoadStrategy=normal, databaseEnabled=false, handlesAlerts=true, hasTouchScreen=false, version=63.0.3239.132, platform=XP, browserConnectionEnabled=false, nativeEvents=true, acceptSslCerts=true, locationContextEnabled=true, webStorageEnabled=true, browserName=chrome, takesScreenshot=true, javascriptEnabled=true, cssSelectorsEnabled=true, setWindowRect=true, unexpectedAlertBehaviour=}]
Session ID: 4956398895293f692e4575d58542cb9b
*** Element info: {Using=id, value=cancel}">
      <![CDATA[org.openqa.selenium.NoSuchElementException: no such element: Unable to locate element: {"method":"id","selector":"cancel"}
  (Session info: chrome=63.0.3239.132)
  (Driver info: chromedriver=2.32.498550 (9dec58e66c31bcc53a9ce3c7226f0c1c5810906a),platform=Windows NT 10.0.16299 x86_64) (WARNING: The server did not provide any stacktrace information)
Command duration or timeout: 60.01 seconds
For documentation on this error, please visit: http://seleniumhq.org/exceptions/no_such_element.html
Build info: version: '2.53.1', revision: 'a36b8b1cd5757287168e54b817830adce9b0158d', time: '2016-06-30 19:26:09'
System info: host: 'ChethanBidare-pc', ip: '172.16.18.225', os.name: 'Windows 10', os.arch: 'amd64', os.version: '10.0', java.version: '1.8.0_144'
Driver info: org.openqa.selenium.chrome.ChromeDriver
Capabilities [{applicationCacheEnabled=false, rotatable=false, mobileEmulationEnabled=false, networkConnectionEnabled=false, chrome={chromedriverVersion=2.32.498550 (9dec58e66c31bcc53a9ce3c7226f0c1c5810906a), userDataDir=C:\Users\User1\AppData\Local\Temp\scoped_dir20012_30314}, takesHeapSnapshot=true, pageLoadStrategy=normal, databaseEnabled=false, handlesAlerts=true, hasTouchScreen=false, version=63.0.3239.132, platform=XP, browserConnectionEnabled=false, nativeEvents=true, acceptSslCerts=true, locationContextEnabled=true, webStorageEnabled=true, browserName=chrome, takesScreenshot=true, javascriptEnabled=true, cssSelectorsEnabled=true, setWindowRect=true, unexpectedAlertBehaviour=}]
Session ID: 4956398895293f692e4575d58542cb9b
*** Element info: {Using=id, value=cancel}
	at org.openqa.selenium.remote.ErrorHandler.createThrowable(ErrorHandler.java:206)
	at org.openqa.selenium.remote.ErrorHandler.throwIfResponseFailed(ErrorHandler.java:158)
	at org.openqa.selenium.remote.RemoteWebDriver.execute(RemoteWebDriver.java:678)
	at org.openqa.selenium.remote.RemoteWebDriver.findElement(RemoteWebDriver.java:363)
	at org.openqa.selenium.remote.RemoteWebDriver.findElementById(RemoteWebDriver.java:413)
	at org.openqa.selenium.By$ById.findElement(By.java:218)
	at org.openqa.selenium.remote.RemoteWebDriver.findElement(RemoteWebDriver.java:355)
	at org.openqa.selenium.support.pagefactory.DefaultElementLocator.findElement(DefaultElementLocator.java:69)
	at org.openqa.selenium.support.pagefactory.internal.LocatingElementHandler.invoke(LocatingElementHandler.java:38)
	at com.sun.proxy.$Proxy9.click(Unknown Source)
	at c2info_OrderBuk_UIPages.ReadyForOrder.clickOnCancelBtnInRFOpage(ReadyForOrder.java:164)
	at c2info_OrderBuk_SupportCancelledTCs.TC_006_VerifyCancelButtonFromOrderConfirmed.verifyCancelButtonFromRFO(TC_006_VerifyCancelButtonFromOrderConfirmed.java:43)
... Removed 29 stack frames]]>
    </failure>
  </testcase> <!-- verifyCancelButtonFromRFO -->
  <testcase name="verifyOrderhistorybutton" time="22.633" classname="c2info_OrderBuk_SupportCancelledTCs.TC_007_VerifyOrderHistoryButton"/>
  <testcase name="verifyReverifyFunctionality" time="17.059" classname="c2info_OrderBuk_SupportCancelledTCs.TC_008_VerifyReverifyButtonFunctionalityandMSG">
    <failure type="java.lang.AssertionError" message="expected [TO BE VERIFIED] but found [Customer Confirmed Verification Pending]">
      <![CDATA[java.lang.AssertionError: expected [TO BE VERIFIED] but found [Customer Confirmed Verification Pending]
	at c2info_OrderBuk_SupportCancelledTCs.TC_008_VerifyReverifyButtonFunctionalityandMSG.verifyReverifyFunctionality(TC_008_VerifyReverifyButtonFunctionalityandMSG.java:51)
... Removed 31 stack frames]]>
    </failure>
  </testcase> <!-- verifyReverifyFunctionality -->
  <testcase name="verifyPrescriptionButton" time="10.113" classname="c2info_OrderBuk_SupportCancelledTCs.TC_009_VerifyViewPrescriptionButton"/>
  <testcase name="verifyAtleastOneItemIsAddedasNewItem" time="6.989" classname="c2info_OrderBuk_NewItemPutOnHoldTCs.TC_001_VerifyAtleastOneItemIsAddedasNewItem"/>
  <testcase name="verifyReverifyFunctionality" time="15.456" classname="c2info_OrderBuk_NewItemPutOnHoldTCs.TC_002_VerifyReverifyFunctionalityandMsg">
    <failure type="java.lang.AssertionError" message="expected [TO BE VERIFIED] but found [Customer Confirmed Verification Pending]">
      <![CDATA[java.lang.AssertionError: expected [TO BE VERIFIED] but found [Customer Confirmed Verification Pending]
	at c2info_OrderBuk_NewItemPutOnHoldTCs.TC_002_VerifyReverifyFunctionalityandMsg.verifyReverifyFunctionality(TC_002_VerifyReverifyFunctionalityandMsg.java:50)
... Removed 31 stack frames]]>
    </failure>
  </testcase> <!-- verifyReverifyFunctionality -->
  <testcase name="verifyPrescriptionButton" time="92.484" classname="c2info_OrderBuk_NewItemPutOnHoldTCs.TC_003_VerifyViewPrescriptionButton"/>
  <testcase name="verifyOrderhistorybutton" time="14.946" classname="c2info_OrderBuk_NewItemPutOnHoldTCs.TC_004_VerifyOrderHistoryButton"/>
  <testcase name="verifyOrderClosedButtonFunctionality" time="22.75" classname="c2info_OrderBuk_NewItemPutOnHoldTCs.TC_005_VerifyOrderClosedButton"/>
  <testcase name="verifyNewItemFomTBV" time="85.639" classname="c2info_OrderBuk_NewItemPutOnHoldTCs.TC_006_VerifyNewItemFromTBV">
    <failure type="org.openqa.selenium.NoSuchElementException" message="no such element: Unable to locate element: {&amp;quot;method&amp;quot;:&amp;quot;xpath&amp;quot;,&amp;quot;selector&amp;quot;:&amp;quot;.//*[@id=&amp;apos;side-menu&amp;apos;]/li[2]/a&amp;quot;}
  (Session info: chrome=63.0.3239.132)
  (Driver info: chromedriver=2.32.498550 (9dec58e66c31bcc53a9ce3c7226f0c1c5810906a),platform=Windows NT 10.0.16299 x86_64) (WARNING: The server did not provide any stacktrace information)
Command duration or timeout: 60.03 seconds
For documentation on this error, please visit: http://seleniumhq.org/exceptions/no_such_element.html
Build info: version: &amp;apos;2.53.1&amp;apos;, revision: &amp;apos;a36b8b1cd5757287168e54b817830adce9b0158d&amp;apos;, time: &amp;apos;2016-06-30 19:26:09&amp;apos;
System info: host: &amp;apos;ChethanBidare-pc&amp;apos;, ip: &amp;apos;172.16.18.225&amp;apos;, os.name: &amp;apos;Windows 10&amp;apos;, os.arch: &amp;apos;amd64&amp;apos;, os.version: &amp;apos;10.0&amp;apos;, java.version: &amp;apos;1.8.0_144&amp;apos;
Driver info: org.openqa.selenium.chrome.ChromeDriver
Capabilities [{applicationCacheEnabled=false, rotatable=false, mobileEmulationEnabled=false, networkConnectionEnabled=false, chrome={chromedriverVersion=2.32.498550 (9dec58e66c31bcc53a9ce3c7226f0c1c5810906a), userDataDir=C:\Users\User1\AppData\Local\Temp\scoped_dir21616_140}, takesHeapSnapshot=true, pageLoadStrategy=normal, databaseEnabled=false, handlesAlerts=true, hasTouchScreen=false, version=63.0.3239.132, platform=XP, browserConnectionEnabled=false, nativeEvents=true, acceptSslCerts=true, locationContextEnabled=true, webStorageEnabled=true, browserName=chrome, takesScreenshot=true, javascriptEnabled=true, cssSelectorsEnabled=true, setWindowRect=true, unexpectedAlertBehaviour=}]
Session ID: 3c9bd597685f83927536e8d59d65ec37
*** Element info: {Using=xpath, value=.//*[@id=&amp;apos;side-menu&amp;apos;]/li[2]/a}">
      <![CDATA[org.openqa.selenium.NoSuchElementException: no such element: Unable to locate element: {"method":"xpath","selector":".//*[@id='side-menu']/li[2]/a"}
  (Session info: chrome=63.0.3239.132)
  (Driver info: chromedriver=2.32.498550 (9dec58e66c31bcc53a9ce3c7226f0c1c5810906a),platform=Windows NT 10.0.16299 x86_64) (WARNING: The server did not provide any stacktrace information)
Command duration or timeout: 60.03 seconds
For documentation on this error, please visit: http://seleniumhq.org/exceptions/no_such_element.html
Build info: version: '2.53.1', revision: 'a36b8b1cd5757287168e54b817830adce9b0158d', time: '2016-06-30 19:26:09'
System info: host: 'ChethanBidare-pc', ip: '172.16.18.225', os.name: 'Windows 10', os.arch: 'amd64', os.version: '10.0', java.version: '1.8.0_144'
Driver info: org.openqa.selenium.chrome.ChromeDriver
Capabilities [{applicationCacheEnabled=false, rotatable=false, mobileEmulationEnabled=false, networkConnectionEnabled=false, chrome={chromedriverVersion=2.32.498550 (9dec58e66c31bcc53a9ce3c7226f0c1c5810906a), userDataDir=C:\Users\User1\AppData\Local\Temp\scoped_dir21616_140}, takesHeapSnapshot=true, pageLoadStrategy=normal, databaseEnabled=false, handlesAlerts=true, hasTouchScreen=false, version=63.0.3239.132, platform=XP, browserConnectionEnabled=false, nativeEvents=true, acceptSslCerts=true, locationContextEnabled=true, webStorageEnabled=true, browserName=chrome, takesScreenshot=true, javascriptEnabled=true, cssSelectorsEnabled=true, setWindowRect=true, unexpectedAlertBehaviour=}]
Session ID: 3c9bd597685f83927536e8d59d65ec37
*** Element info: {Using=xpath, value=.//*[@id='side-menu']/li[2]/a}
	at org.openqa.selenium.remote.ErrorHandler.createThrowable(ErrorHandler.java:206)
	at org.openqa.selenium.remote.ErrorHandler.throwIfResponseFailed(ErrorHandler.java:158)
	at org.openqa.selenium.remote.RemoteWebDriver.execute(RemoteWebDriver.java:678)
	at org.openqa.selenium.remote.RemoteWebDriver.findElement(RemoteWebDriver.java:363)
	at org.openqa.selenium.remote.RemoteWebDriver.findElementByXPath(RemoteWebDriver.java:500)
	at org.openqa.selenium.By$ByXPath.findElement(By.java:361)
	at org.openqa.selenium.remote.RemoteWebDriver.findElement(RemoteWebDriver.java:355)
	at org.openqa.selenium.support.pagefactory.DefaultElementLocator.findElement(DefaultElementLocator.java:69)
	at org.openqa.selenium.support.pagefactory.internal.LocatingElementHandler.invoke(LocatingElementHandler.java:38)
	at com.sun.proxy.$Proxy9.click(Unknown Source)
	at c2info_OrderBuk_UIPages.Dashboard.clickOnDashboardinMenu(Dashboard.java:147)
	at c2info_OrderBuk_NewItemPutOnHoldTCs.TC_006_VerifyNewItemFromTBV.verifyNewItemFomTBV(TC_006_VerifyNewItemFromTBV.java:50)
... Removed 29 stack frames]]>
    </failure>
  </testcase> <!-- verifyNewItemFomTBV -->
  <testcase name="verifyNewItemFromCCVP" time="39.149" classname="c2info_OrderBuk_NewItemPutOnHoldTCs.TC_007_VerifyNewItemFromCCVP"/>
</testsuite> <!-- Test -->
